<?xml version="1.0" encoding="UTF-8"?>
<testng-results skipped="0" failed="1" ignored="0" total="1" passed="0">
  <reporter-output>
    <line>
      <![CDATA[openBrowser]]>
    </line>
    <line>
      <![CDATA[login]]>
    </line>
    <line>
      <![CDATA[Create customer]]>
    </line>
    <line>
      <![CDATA[logout]]>
    </line>
    <line>
      <![CDATA[closeBrowser]]>
    </line>
  </reporter-output>
  <suite name="Default suite" duration-ms="172540" started-at="2023-01-13T11:25:56 IST" finished-at="2023-01-13T11:28:48 IST">
    <groups>
    </groups>
    <test name="Default test" duration-ms="172540" started-at="2023-01-13T11:25:56 IST" finished-at="2023-01-13T11:28:48 IST">
      <class name="com.actitime.testscript.CustomerModule">
        <test-method status="PASS" signature="openBrowser()[pri:0, instance:com.actitime.testscript.CustomerModule@262b2c86]" name="openBrowser" is-config="true" duration-ms="2366" started-at="2023-01-13T11:25:56 IST" finished-at="2023-01-13T11:25:58 IST">
          <reporter-output>
            <line>
              <![CDATA[openBrowser]]>
            </line>
          </reporter-output>
        </test-method> <!-- openBrowser -->
        <test-method status="PASS" signature="login()[pri:0, instance:com.actitime.testscript.CustomerModule@262b2c86]" name="login" is-config="true" duration-ms="128726" started-at="2023-01-13T11:25:58 IST" finished-at="2023-01-13T11:28:07 IST">
          <reporter-output>
            <line>
              <![CDATA[login]]>
            </line>
          </reporter-output>
        </test-method> <!-- login -->
        <test-method status="FAIL" signature="testCreateCustomer()[pri:0, instance:com.actitime.testscript.CustomerModule@262b2c86]" name="testCreateCustomer" duration-ms="18326" started-at="2023-01-13T11:28:07 IST" finished-at="2023-01-13T11:28:25 IST">
          <exception class="java.lang.StackOverflowError">
            <full-stacktrace>
              <![CDATA[java.lang.StackOverflowError
at com.actitime.pom.TaskListPage.getNewCustOption(TaskListPage.java:33)
at com.actitime.pom.TaskListPage.getNewCustOption(TaskListPage.java:33)
at com.actitime.pom.TaskListPage.getNewCustOption(TaskListPage.java:33)
at com.actitime.pom.TaskListPage.getNewCustOption(TaskListPage.java:33)
at com.actitime.pom.TaskListPage.getNewCustOption(TaskListPage.java:33)
at com.actitime.pom.TaskListPage.getNewCustOption(TaskListPage.java:33)
at com.actitime.pom.TaskListPage.getNewCustOption(TaskListPage.java:33)
at com.actitime.pom.TaskListPage.getNewCustOption(TaskListPage.java:33)
at com.actitime.pom.TaskListPage.getNewCustOption(TaskListPage.java:33)
at com.actitime.pom.TaskListPage.getNewCustOption(TaskListPage.java:33)
at com.actitime.pom.TaskListPage.getNewCustOption(TaskListPage.java:33)
at com.actitime.pom.TaskListPage.getNewCustOption(TaskListPage.java:33)
at com.actitime.pom.TaskListPage.getNewCustOption(TaskListPage.java:33)
at com.actitime.pom.TaskListPage.getNewCustOption(TaskListPage.java:33)
at com.actitime.pom.TaskListPage.getNewCustOption(TaskListPage.java:33)
at com.actitime.pom.TaskListPage.getNewCustOption(TaskListPage.java:33)
at com.actitime.pom.TaskListPage.getNewCustOption(TaskListPage.java:33)
at com.actitime.pom.TaskListPage.getNewCustOption(TaskListPage.java:33)
at com.actitime.pom.TaskListPage.getNewCustOption(TaskListPage.java:33)
at com.actitime.pom.TaskListPage.getNewCustOption(TaskListPage.java:33)
at com.actitime.pom.TaskListPage.getNewCustOption(TaskListPage.java:33)
at com.actitime.pom.TaskListPage.getNewCustOption(TaskListPage.java:33)
at com.actitime.pom.TaskListPage.getNewCustOption(TaskListPage.java:33)
at com.actitime.pom.TaskListPage.getNewCustOption(TaskListPage.java:33)
at com.actitime.pom.TaskListPage.getNewCustOption(TaskListPage.java:33)
at com.actitime.pom.TaskListPage.getNewCustOption(TaskListPage.java:33)
at com.actitime.pom.TaskListPage.getNewCustOption(TaskListPage.java:33)
at com.actitime.pom.TaskListPage.getNewCustOption(TaskListPage.java:33)
at com.actitime.pom.TaskListPage.getNewCustOption(TaskListPage.java:33)
at com.actitime.pom.TaskListPage.getNewCustOption(TaskListPage.java:33)
at com.actitime.pom.TaskListPage.getNewCustOption(TaskListPage.java:33)
at com.actitime.pom.TaskListPage.getNewCustOption(TaskListPage.java:33)
at com.actitime.pom.TaskListPage.getNewCustOption(TaskListPage.java:33)
at com.actitime.pom.TaskListPage.getNewCustOption(TaskListPage.java:33)
at com.actitime.pom.TaskListPage.getNewCustOption(TaskListPage.java:33)
at com.actitime.pom.TaskListPage.getNewCustOption(TaskListPage.java:33)
at com.actitime.pom.TaskListPage.getNewCustOption(TaskListPage.java:33)
at com.actitime.pom.TaskListPage.getNewCustOption(TaskListPage.java:33)
at com.actitime.pom.TaskListPage.getNewCustOption(TaskListPage.java:33)
at com.actitime.pom.TaskListPage.getNewCustOption(TaskListPage.java:33)
at com.actitime.pom.TaskListPage.getNewCustOption(TaskListPage.java:33)
at com.actitime.pom.TaskListPage.getNewCustOption(TaskListPage.java:33)
at com.actitime.pom.TaskListPage.getNewCustOption(TaskListPage.java:33)
at com.actitime.pom.TaskListPage.getNewCustOption(TaskListPage.java:33)
at com.actitime.pom.TaskListPage.getNewCustOption(TaskListPage.java:33)
at com.actitime.pom.TaskListPage.getNewCustOption(TaskListPage.java:33)
at com.actitime.pom.TaskListPage.getNewCustOption(TaskListPage.java:33)
at com.actitime.pom.TaskListPage.getNewCustOption(TaskListPage.java:33)
at com.actitime.pom.TaskListPage.getNewCustOption(TaskListPage.java:33)
at com.actitime.pom.TaskListPage.getNewCustOption(TaskListPage.java:33)
at com.actitime.pom.TaskListPage.getNewCustOption(TaskListPage.java:33)
at com.actitime.pom.TaskListPage.getNewCustOption(TaskListPage.java:33)
at com.actitime.pom.TaskListPage.getNewCustOption(TaskListPage.java:33)
at com.actitime.pom.TaskListPage.getNewCustOption(TaskListPage.java:33)
at com.actitime.pom.TaskListPage.getNewCustOption(TaskListPage.java:33)
at com.actitime.pom.TaskListPage.getNewCustOption(TaskListPage.java:33)
at com.actitime.pom.TaskListPage.getNewCustOption(TaskListPage.java:33)
at com.actitime.pom.TaskListPage.getNewCustOption(TaskListPage.java:33)
at com.actitime.pom.TaskListPage.getNewCustOption(TaskListPage.java:33)
at com.actitime.pom.TaskListPage.getNewCustOption(TaskListPage.java:33)
at com.actitime.pom.TaskListPage.getNewCustOption(TaskListPage.java:33)
at com.actitime.pom.TaskListPage.getNewCustOption(TaskListPage.java:33)
at com.actitime.pom.TaskListPage.getNewCustOption(TaskListPage.java:33)
at com.actitime.pom.TaskListPage.getNewCustOption(TaskListPage.java:33)
at com.actitime.pom.TaskListPage.getNewCustOption(TaskListPage.java:33)
at com.actitime.pom.TaskListPage.getNewCustOption(TaskListPage.java:33)
at com.actitime.pom.TaskListPage.getNewCustOption(TaskListPage.java:33)
at com.actitime.pom.TaskListPage.getNewCustOption(TaskListPage.java:33)
at com.actitime.pom.TaskListPage.getNewCustOption(TaskListPage.java:33)
at com.actitime.pom.TaskListPage.getNewCustOption(TaskListPage.java:33)
at com.actitime.pom.TaskListPage.getNewCustOption(TaskListPage.java:33)
at com.actitime.pom.TaskListPage.getNewCustOption(TaskListPage.java:33)
at com.actitime.pom.TaskListPage.getNewCustOption(TaskListPage.java:33)
at com.actitime.pom.TaskListPage.getNewCustOption(TaskListPage.java:33)
at com.actitime.pom.TaskListPage.getNewCustOption(TaskListPage.java:33)
at com.actitime.pom.TaskListPage.getNewCustOption(TaskListPage.java:33)
at com.actitime.pom.TaskListPage.getNewCustOption(TaskListPage.java:33)
at com.actitime.pom.TaskListPage.getNewCustOption(TaskListPage.java:33)
at com.actitime.pom.TaskListPage.getNewCustOption(TaskListPage.java:33)
at com.actitime.pom.TaskListPage.getNewCustOption(TaskListPage.java:33)
at com.actitime.pom.TaskListPage.getNewCustOption(TaskListPage.java:33)
at com.actitime.pom.TaskListPage.getNewCustOption(TaskListPage.java:33)
at com.actitime.pom.TaskListPage.getNewCustOption(TaskListPage.java:33)
at com.actitime.pom.TaskListPage.getNewCustOption(TaskListPage.java:33)
at com.actitime.pom.TaskListPage.getNewCustOption(TaskListPage.java:33)
at com.actitime.pom.TaskListPage.getNewCustOption(TaskListPage.java:33)
at com.actitime.pom.TaskListPage.getNewCustOption(TaskListPage.java:33)
at com.actitime.pom.TaskListPage.getNewCustOption(TaskListPage.java:33)
at com.actitime.pom.TaskListPage.getNewCustOption(TaskListPage.java:33)
at com.actitime.pom.TaskListPage.getNewCustOption(TaskListPage.java:33)
at com.actitime.pom.TaskListPage.getNewCustOption(TaskListPage.java:33)
at com.actitime.pom.TaskListPage.getNewCustOption(TaskListPage.java:33)
at com.actitime.pom.TaskListPage.getNewCustOption(TaskListPage.java:33)
at com.actitime.pom.TaskListPage.getNewCustOption(TaskListPage.java:33)
at com.actitime.pom.TaskListPage.getNewCustOption(TaskListPage.java:33)
at com.actitime.pom.TaskListPage.getNewCustOption(TaskListPage.java:33)
at com.actitime.pom.TaskListPage.getNewCustOption(TaskListPage.java:33)
at com.actitime.pom.TaskListPage.getNewCustOption(TaskListPage.java:33)
at com.actitime.pom.TaskListPage.getNewCustOption(TaskListPage.java:33)
at com.actitime.pom.TaskListPage.getNewCustOption(TaskListPage.java:33)
at com.actitime.pom.TaskListPage.getNewCustOption(TaskListPage.java:33)
at com.actitime.pom.TaskListPage.getNewCustOption(TaskListPage.java:33)
at com.actitime.pom.TaskListPage.getNewCustOption(TaskListPage.java:33)
at com.actitime.pom.TaskListPage.getNewCustOption(TaskListPage.java:33)
at com.actitime.pom.TaskListPage.getNewCustOption(TaskListPage.java:33)
at com.actitime.pom.TaskListPage.getNewCustOption(TaskListPage.java:33)
at com.actitime.pom.TaskListPage.getNewCustOption(TaskListPage.java:33)
at com.actitime.pom.TaskListPage.getNewCustOption(TaskListPage.java:33)
at com.actitime.pom.TaskListPage.getNewCustOption(TaskListPage.java:33)
at com.actitime.pom.TaskListPage.getNewCustOption(TaskListPage.java:33)
at com.actitime.pom.TaskListPage.getNewCustOption(TaskListPage.java:33)
at com.actitime.pom.TaskListPage.getNewCustOption(TaskListPage.java:33)
at com.actitime.pom.TaskListPage.getNewCustOption(TaskListPage.java:33)
at com.actitime.pom.TaskListPage.getNewCustOption(TaskListPage.java:33)
at com.actitime.pom.TaskListPage.getNewCustOption(TaskListPage.java:33)
at com.actitime.pom.TaskListPage.getNewCustOption(TaskListPage.java:33)
at com.actitime.pom.TaskListPage.getNewCustOption(TaskListPage.java:33)
at com.actitime.pom.TaskListPage.getNewCustOption(TaskListPage.java:33)
at com.actitime.pom.TaskListPage.getNewCustOption(TaskListPage.java:33)
at com.actitime.pom.TaskListPage.getNewCustOption(TaskListPage.java:33)
at com.actitime.pom.TaskListPage.getNewCustOption(TaskListPage.java:33)
at com.actitime.pom.TaskListPage.getNewCustOption(TaskListPage.java:33)
at com.actitime.pom.TaskListPage.getNewCustOption(TaskListPage.java:33)
at com.actitime.pom.TaskListPage.getNewCustOption(TaskListPage.java:33)
at com.actitime.pom.TaskListPage.getNewCustOption(TaskListPage.java:33)
at com.actitime.pom.TaskListPage.getNewCustOption(TaskListPage.java:33)
at com.actitime.pom.TaskListPage.getNewCustOption(TaskListPage.java:33)
at com.actitime.pom.TaskListPage.getNewCustOption(TaskListPage.java:33)
at com.actitime.pom.TaskListPage.getNewCustOption(TaskListPage.java:33)
at com.actitime.pom.TaskListPage.getNewCustOption(TaskListPage.java:33)
at com.actitime.pom.TaskListPage.getNewCustOption(TaskListPage.java:33)
at com.actitime.pom.TaskListPage.getNewCustOption(TaskListPage.java:33)
at com.actitime.pom.TaskListPage.getNewCustOption(TaskListPage.java:33)
at com.actitime.pom.TaskListPage.getNewCustOption(TaskListPage.java:33)
at com.actitime.pom.TaskListPage.getNewCustOption(TaskListPage.java:33)
at com.actitime.pom.TaskListPage.getNewCustOption(TaskListPage.java:33)
at com.actitime.pom.TaskListPage.getNewCustOption(TaskListPage.java:33)
at com.actitime.pom.TaskListPage.getNewCustOption(TaskListPage.java:33)
at com.actitime.pom.TaskListPage.getNewCustOption(TaskListPage.java:33)
at com.actitime.pom.TaskListPage.getNewCustOption(TaskListPage.java:33)
at com.actitime.pom.TaskListPage.getNewCustOption(TaskListPage.java:33)
at com.actitime.pom.TaskListPage.getNewCustOption(TaskListPage.java:33)
at com.actitime.pom.TaskListPage.getNewCustOption(TaskListPage.java:33)
at com.actitime.pom.TaskListPage.getNewCustOption(TaskListPage.java:33)
at com.actitime.pom.TaskListPage.getNewCustOption(TaskListPage.java:33)
at com.actitime.pom.TaskListPage.getNewCustOption(TaskListPage.java:33)
at com.actitime.pom.TaskListPage.getNewCustOption(TaskListPage.java:33)
at com.actitime.pom.TaskListPage.getNewCustOption(TaskListPage.java:33)
at com.actitime.pom.TaskListPage.getNewCustOption(TaskListPage.java:33)
at com.actitime.pom.TaskListPage.getNewCustOption(TaskListPage.java:33)
at com.actitime.pom.TaskListPage.getNewCustOption(TaskListPage.java:33)
at com.actitime.pom.TaskListPage.getNewCustOption(TaskListPage.java:33)
at com.actitime.pom.TaskListPage.getNewCustOption(TaskListPage.java:33)
at com.actitime.pom.TaskListPage.getNewCustOption(TaskListPage.java:33)
at com.actitime.pom.TaskListPage.getNewCustOption(TaskListPage.java:33)
at com.actitime.pom.TaskListPage.getNewCustOption(TaskListPage.java:33)
at com.actitime.pom.TaskListPage.getNewCustOption(TaskListPage.java:33)
at com.actitime.pom.TaskListPage.getNewCustOption(TaskListPage.java:33)
at com.actitime.pom.TaskListPage.getNewCustOption(TaskListPage.java:33)
at com.actitime.pom.TaskListPage.getNewCustOption(TaskListPage.java:33)
at com.actitime.pom.TaskListPage.getNewCustOption(TaskListPage.java:33)
at com.actitime.pom.TaskListPage.getNewCustOption(TaskListPage.java:33)
at com.actitime.pom.TaskListPage.getNewCustOption(TaskListPage.java:33)
at com.actitime.pom.TaskListPage.getNewCustOption(TaskListPage.java:33)
at com.actitime.pom.TaskListPage.getNewCustOption(TaskListPage.java:33)
at com.actitime.pom.TaskListPage.getNewCustOption(TaskListPage.java:33)
at com.actitime.pom.TaskListPage.getNewCustOption(TaskListPage.java:33)
at com.actitime.pom.TaskListPage.getNewCustOption(TaskListPage.java:33)
at com.actitime.pom.TaskListPage.getNewCustOption(TaskListPage.java:33)
at com.actitime.pom.TaskListPage.getNewCustOption(TaskListPage.java:33)
at com.actitime.pom.TaskListPage.getNewCustOption(TaskListPage.java:33)
at com.actitime.pom.TaskListPage.getNewCustOption(TaskListPage.java:33)
at com.actitime.pom.TaskListPage.getNewCustOption(TaskListPage.java:33)
at com.actitime.pom.TaskListPage.getNewCustOption(TaskListPage.java:33)
at com.actitime.pom.TaskListPage.getNewCustOption(TaskListPage.java:33)
at com.actitime.pom.TaskListPage.getNewCustOption(TaskListPage.java:33)
at com.actitime.pom.TaskListPage.getNewCustOption(TaskListPage.java:33)
at com.actitime.pom.TaskListPage.getNewCustOption(TaskListPage.java:33)
at com.actitime.pom.TaskListPage.getNewCustOption(TaskListPage.java:33)
at com.actitime.pom.TaskListPage.getNewCustOption(TaskListPage.java:33)
at com.actitime.pom.TaskListPage.getNewCustOption(TaskListPage.java:33)
at com.actitime.pom.TaskListPage.getNewCustOption(TaskListPage.java:33)
at com.actitime.pom.TaskListPage.getNewCustOption(TaskListPage.java:33)
at com.actitime.pom.TaskListPage.getNewCustOption(TaskListPage.java:33)
at com.actitime.pom.TaskListPage.getNewCustOption(TaskListPage.java:33)
at com.actitime.pom.TaskListPage.getNewCustOption(TaskListPage.java:33)
at com.actitime.pom.TaskListPage.getNewCustOption(TaskListPage.java:33)
at com.actitime.pom.TaskListPage.getNewCustOption(TaskListPage.java:33)
at com.actitime.pom.TaskListPage.getNewCustOption(TaskListPage.java:33)
at com.actitime.pom.TaskListPage.getNewCustOption(TaskListPage.java:33)
at com.actitime.pom.TaskListPage.getNewCustOption(TaskListPage.java:33)
at com.actitime.pom.TaskListPage.getNewCustOption(TaskListPage.java:33)
at com.actitime.pom.TaskListPage.getNewCustOption(TaskListPage.java:33)
at com.actitime.pom.TaskListPage.getNewCustOption(TaskListPage.java:33)
at com.actitime.pom.TaskListPage.getNewCustOption(TaskListPage.java:33)
at com.actitime.pom.TaskListPage.getNewCustOption(TaskListPage.java:33)
at com.actitime.pom.TaskListPage.getNewCustOption(TaskListPage.java:33)
at com.actitime.pom.TaskListPage.getNewCustOption(TaskListPage.java:33)
at com.actitime.pom.TaskListPage.getNewCustOption(TaskListPage.java:33)
at com.actitime.pom.TaskListPage.getNewCustOption(TaskListPage.java:33)
at com.actitime.pom.TaskListPage.getNewCustOption(TaskListPage.java:33)
at com.actitime.pom.TaskListPage.getNewCustOption(TaskListPage.java:33)
at com.actitime.pom.TaskListPage.getNewCustOption(TaskListPage.java:33)
at com.actitime.pom.TaskListPage.getNewCustOption(TaskListPage.java:33)
at com.actitime.pom.TaskListPage.getNewCustOption(TaskListPage.java:33)
at com.actitime.pom.TaskListPage.getNewCustOption(TaskListPage.java:33)
at com.actitime.pom.TaskListPage.getNewCustOption(TaskListPage.java:33)
at com.actitime.pom.TaskListPage.getNewCustOption(TaskListPage.java:33)
at com.actitime.pom.TaskListPage.getNewCustOption(TaskListPage.java:33)
at com.actitime.pom.TaskListPage.getNewCustOption(TaskListPage.java:33)
at com.actitime.pom.TaskListPage.getNewCustOption(TaskListPage.java:33)
at com.actitime.pom.TaskListPage.getNewCustOption(TaskListPage.java:33)
at com.actitime.pom.TaskListPage.getNewCustOption(TaskListPage.java:33)
at com.actitime.pom.TaskListPage.getNewCustOption(TaskListPage.java:33)
at com.actitime.pom.TaskListPage.getNewCustOption(TaskListPage.java:33)
at com.actitime.pom.TaskListPage.getNewCustOption(TaskListPage.java:33)
at com.actitime.pom.TaskListPage.getNewCustOption(TaskListPage.java:33)
at com.actitime.pom.TaskListPage.getNewCustOption(TaskListPage.java:33)
at com.actitime.pom.TaskListPage.getNewCustOption(TaskListPage.java:33)
at com.actitime.pom.TaskListPage.getNewCustOption(TaskListPage.java:33)
at com.actitime.pom.TaskListPage.getNewCustOption(TaskListPage.java:33)
at com.actitime.pom.TaskListPage.getNewCustOption(TaskListPage.java:33)
at com.actitime.pom.TaskListPage.getNewCustOption(TaskListPage.java:33)
at com.actitime.pom.TaskListPage.getNewCustOption(TaskListPage.java:33)
at com.actitime.pom.TaskListPage.getNewCustOption(TaskListPage.java:33)
at com.actitime.pom.TaskListPage.getNewCustOption(TaskListPage.java:33)
at com.actitime.pom.TaskListPage.getNewCustOption(TaskListPage.java:33)
at com.actitime.pom.TaskListPage.getNewCustOption(TaskListPage.java:33)
at com.actitime.pom.TaskListPage.getNewCustOption(TaskListPage.java:33)
at com.actitime.pom.TaskListPage.getNewCustOption(TaskListPage.java:33)
at com.actitime.pom.TaskListPage.getNewCustOption(TaskListPage.java:33)
at com.actitime.pom.TaskListPage.getNewCustOption(TaskListPage.java:33)
at com.actitime.pom.TaskListPage.getNewCustOption(TaskListPage.java:33)
at com.actitime.pom.TaskListPage.getNewCustOption(TaskListPage.java:33)
at com.actitime.pom.TaskListPage.getNewCustOption(TaskListPage.java:33)
at com.actitime.pom.TaskListPage.getNewCustOption(TaskListPage.java:33)
at com.actitime.pom.TaskListPage.getNewCustOption(TaskListPage.java:33)
at com.actitime.pom.TaskListPage.getNewCustOption(TaskListPage.java:33)
at com.actitime.pom.TaskListPage.getNewCustOption(TaskListPage.java:33)
at com.actitime.pom.TaskListPage.getNewCustOption(TaskListPage.java:33)
at com.actitime.pom.TaskListPage.getNewCustOption(TaskListPage.java:33)
at com.actitime.pom.TaskListPage.getNewCustOption(TaskListPage.java:33)
at com.actitime.pom.TaskListPage.getNewCustOption(TaskListPage.java:33)
at com.actitime.pom.TaskListPage.getNewCustOption(TaskListPage.java:33)
at com.actitime.pom.TaskListPage.getNewCustOption(TaskListPage.java:33)
at com.actitime.pom.TaskListPage.getNewCustOption(TaskListPage.java:33)
at com.actitime.pom.TaskListPage.getNewCustOption(TaskListPage.java:33)
at com.actitime.pom.TaskListPage.getNewCustOption(TaskListPage.java:33)
at com.actitime.pom.TaskListPage.getNewCustOption(TaskListPage.java:33)
at com.actitime.pom.TaskListPage.getNewCustOption(TaskListPage.java:33)
at com.actitime.pom.TaskListPage.getNewCustOption(TaskListPage.java:33)
at com.actitime.pom.TaskListPage.getNewCustOption(TaskListPage.java:33)
at com.actitime.pom.TaskListPage.getNewCustOption(TaskListPage.java:33)
at com.actitime.pom.TaskListPage.getNewCustOption(TaskListPage.java:33)
at com.actitime.pom.TaskListPage.getNewCustOption(TaskListPage.java:33)
at com.actitime.pom.TaskListPage.getNewCustOption(TaskListPage.java:33)
at com.actitime.pom.TaskListPage.getNewCustOption(TaskListPage.java:33)
at com.actitime.pom.TaskListPage.getNewCustOption(TaskListPage.java:33)
at com.actitime.pom.TaskListPage.getNewCustOption(TaskListPage.java:33)
at com.actitime.pom.TaskListPage.getNewCustOption(TaskListPage.java:33)
at com.actitime.pom.TaskListPage.getNewCustOption(TaskListPage.java:33)
at com.actitime.pom.TaskListPage.getNewCustOption(TaskListPage.java:33)
at com.actitime.pom.TaskListPage.getNewCustOption(TaskListPage.java:33)
at com.actitime.pom.TaskListPage.getNewCustOption(TaskListPage.java:33)
at com.actitime.pom.TaskListPage.getNewCustOption(TaskListPage.java:33)
at com.actitime.pom.TaskListPage.getNewCustOption(TaskListPage.java:33)
at com.actitime.pom.TaskListPage.getNewCustOption(TaskListPage.java:33)
at com.actitime.pom.TaskListPage.getNewCustOption(TaskListPage.java:33)
at com.actitime.pom.TaskListPage.getNewCustOption(TaskListPage.java:33)
at com.actitime.pom.TaskListPage.getNewCustOption(TaskListPage.java:33)
at com.actitime.pom.TaskListPage.getNewCustOption(TaskListPage.java:33)
at com.actitime.pom.TaskListPage.getNewCustOption(TaskListPage.java:33)
at com.actitime.pom.TaskListPage.getNewCustOption(TaskListPage.java:33)
at com.actitime.pom.TaskListPage.getNewCustOption(TaskListPage.java:33)
at com.actitime.pom.TaskListPage.getNewCustOption(TaskListPage.java:33)
at com.actitime.pom.TaskListPage.getNewCustOption(TaskListPage.java:33)
at com.actitime.pom.TaskListPage.getNewCustOption(TaskListPage.java:33)
at com.actitime.pom.TaskListPage.getNewCustOption(TaskListPage.java:33)
at com.actitime.pom.TaskListPage.getNewCustOption(TaskListPage.java:33)
at com.actitime.pom.TaskListPage.getNewCustOption(TaskListPage.java:33)
at com.actitime.pom.TaskListPage.getNewCustOption(TaskListPage.java:33)
at com.actitime.pom.TaskListPage.getNewCustOption(TaskListPage.java:33)
at com.actitime.pom.TaskListPage.getNewCustOption(TaskListPage.java:33)
at com.actitime.pom.TaskListPage.getNewCustOption(TaskListPage.java:33)
at com.actitime.pom.TaskListPage.getNewCustOption(TaskListPage.java:33)
at com.actitime.pom.TaskListPage.getNewCustOption(TaskListPage.java:33)
at com.actitime.pom.TaskListPage.getNewCustOption(TaskListPage.java:33)
at com.actitime.pom.TaskListPage.getNewCustOption(TaskListPage.java:33)
at com.actitime.pom.TaskListPage.getNewCustOption(TaskListPage.java:33)
at com.actitime.pom.TaskListPage.getNewCustOption(TaskListPage.java:33)
at com.actitime.pom.TaskListPage.getNewCustOption(TaskListPage.java:33)
at com.actitime.pom.TaskListPage.getNewCustOption(TaskListPage.java:33)
at com.actitime.pom.TaskListPage.getNewCustOption(TaskListPage.java:33)
at com.actitime.pom.TaskListPage.getNewCustOption(TaskListPage.java:33)
at com.actitime.pom.TaskListPage.getNewCustOption(TaskListPage.java:33)
at com.actitime.pom.TaskListPage.getNewCustOption(TaskListPage.java:33)
at com.actitime.pom.TaskListPage.getNewCustOption(TaskListPage.java:33)
at com.actitime.pom.TaskListPage.getNewCustOption(TaskListPage.java:33)
at com.actitime.pom.TaskListPage.getNewCustOption(TaskListPage.java:33)
at com.actitime.pom.TaskListPage.getNewCustOption(TaskListPage.java:33)
at com.actitime.pom.TaskListPage.getNewCustOption(TaskListPage.java:33)
at com.actitime.pom.TaskListPage.getNewCustOption(TaskListPage.java:33)
at com.actitime.pom.TaskListPage.getNewCustOption(TaskListPage.java:33)
at com.actitime.pom.TaskListPage.getNewCustOption(TaskListPage.java:33)
at com.actitime.pom.TaskListPage.getNewCustOption(TaskListPage.java:33)
at com.actitime.pom.TaskListPage.getNewCustOption(TaskListPage.java:33)
at com.actitime.pom.TaskListPage.getNewCustOption(TaskListPage.java:33)
at com.actitime.pom.TaskListPage.getNewCustOption(TaskListPage.java:33)
at com.actitime.pom.TaskListPage.getNewCustOption(TaskListPage.java:33)
at com.actitime.pom.TaskListPage.getNewCustOption(TaskListPage.java:33)
at com.actitime.pom.TaskListPage.getNewCustOption(TaskListPage.java:33)
at com.actitime.pom.TaskListPage.getNewCustOption(TaskListPage.java:33)
at com.actitime.pom.TaskListPage.getNewCustOption(TaskListPage.java:33)
at com.actitime.pom.TaskListPage.getNewCustOption(TaskListPage.java:33)
at com.actitime.pom.TaskListPage.getNewCustOption(TaskListPage.java:33)
at com.actitime.pom.TaskListPage.getNewCustOption(TaskListPage.java:33)
at com.actitime.pom.TaskListPage.getNewCustOption(TaskListPage.java:33)
at com.actitime.pom.TaskListPage.getNewCustOption(TaskListPage.java:33)
at com.actitime.pom.TaskListPage.getNewCustOption(TaskListPage.java:33)
at com.actitime.pom.TaskListPage.getNewCustOption(TaskListPage.java:33)
at com.actitime.pom.TaskListPage.getNewCustOption(TaskListPage.java:33)
at com.actitime.pom.TaskListPage.getNewCustOption(TaskListPage.java:33)
at com.actitime.pom.TaskListPage.getNewCustOption(TaskListPage.java:33)
at com.actitime.pom.TaskListPage.getNewCustOption(TaskListPage.java:33)
at com.actitime.pom.TaskListPage.getNewCustOption(TaskListPage.java:33)
at com.actitime.pom.TaskListPage.getNewCustOption(TaskListPage.java:33)
at com.actitime.pom.TaskListPage.getNewCustOption(TaskListPage.java:33)
at com.actitime.pom.TaskListPage.getNewCustOption(TaskListPage.java:33)
at com.actitime.pom.TaskListPage.getNewCustOption(TaskListPage.java:33)
at com.actitime.pom.TaskListPage.getNewCustOption(TaskListPage.java:33)
at com.actitime.pom.TaskListPage.getNewCustOption(TaskListPage.java:33)
at com.actitime.pom.TaskListPage.getNewCustOption(TaskListPage.java:33)
at com.actitime.pom.TaskListPage.getNewCustOption(TaskListPage.java:33)
at com.actitime.pom.TaskListPage.getNewCustOption(TaskListPage.java:33)
at com.actitime.pom.TaskListPage.getNewCustOption(TaskListPage.java:33)
at com.actitime.pom.TaskListPage.getNewCustOption(TaskListPage.java:33)
at com.actitime.pom.TaskListPage.getNewCustOption(TaskListPage.java:33)
at com.actitime.pom.TaskListPage.getNewCustOption(TaskListPage.java:33)
at com.actitime.pom.TaskListPage.getNewCustOption(TaskListPage.java:33)
at com.actitime.pom.TaskListPage.getNewCustOption(TaskListPage.java:33)
at com.actitime.pom.TaskListPage.getNewCustOption(TaskListPage.java:33)
at com.actitime.pom.TaskListPage.getNewCustOption(TaskListPage.java:33)
at com.actitime.pom.TaskListPage.getNewCustOption(TaskListPage.java:33)
at com.actitime.pom.TaskListPage.getNewCustOption(TaskListPage.java:33)
at com.actitime.pom.TaskListPage.getNewCustOption(TaskListPage.java:33)
at com.actitime.pom.TaskListPage.getNewCustOption(TaskListPage.java:33)
at com.actitime.pom.TaskListPage.getNewCustOption(TaskListPage.java:33)
at com.actitime.pom.TaskListPage.getNewCustOption(TaskListPage.java:33)
at com.actitime.pom.TaskListPage.getNewCustOption(TaskListPage.java:33)
at com.actitime.pom.TaskListPage.getNewCustOption(TaskListPage.java:33)
at com.actitime.pom.TaskListPage.getNewCustOption(TaskListPage.java:33)
at com.actitime.pom.TaskListPage.getNewCustOption(TaskListPage.java:33)
at com.actitime.pom.TaskListPage.getNewCustOption(TaskListPage.java:33)
at com.actitime.pom.TaskListPage.getNewCustOption(TaskListPage.java:33)
at com.actitime.pom.TaskListPage.getNewCustOption(TaskListPage.java:33)
at com.actitime.pom.TaskListPage.getNewCustOption(TaskListPage.java:33)
at com.actitime.pom.TaskListPage.getNewCustOption(TaskListPage.java:33)
at com.actitime.pom.TaskListPage.getNewCustOption(TaskListPage.java:33)
at com.actitime.pom.TaskListPage.getNewCustOption(TaskListPage.java:33)
at com.actitime.pom.TaskListPage.getNewCustOption(TaskListPage.java:33)
at com.actitime.pom.TaskListPage.getNewCustOption(TaskListPage.java:33)
at com.actitime.pom.TaskListPage.getNewCustOption(TaskListPage.java:33)
at com.actitime.pom.TaskListPage.getNewCustOption(TaskListPage.java:33)
at com.actitime.pom.TaskListPage.getNewCustOption(TaskListPage.java:33)
at com.actitime.pom.TaskListPage.getNewCustOption(TaskListPage.java:33)
at com.actitime.pom.TaskListPage.getNewCustOption(TaskListPage.java:33)
at com.actitime.pom.TaskListPage.getNewCustOption(TaskListPage.java:33)
at com.actitime.pom.TaskListPage.getNewCustOption(TaskListPage.java:33)
at com.actitime.pom.TaskListPage.getNewCustOption(TaskListPage.java:33)
at com.actitime.pom.TaskListPage.getNewCustOption(TaskListPage.java:33)
at com.actitime.pom.TaskListPage.getNewCustOption(TaskListPage.java:33)
at com.actitime.pom.TaskListPage.getNewCustOption(TaskListPage.java:33)
at com.actitime.pom.TaskListPage.getNewCustOption(TaskListPage.java:33)
at com.actitime.pom.TaskListPage.getNewCustOption(TaskListPage.java:33)
at com.actitime.pom.TaskListPage.getNewCustOption(TaskListPage.java:33)
at com.actitime.pom.TaskListPage.getNewCustOption(TaskListPage.java:33)
at com.actitime.pom.TaskListPage.getNewCustOption(TaskListPage.java:33)
at com.actitime.pom.TaskListPage.getNewCustOption(TaskListPage.java:33)
at com.actitime.pom.TaskListPage.getNewCustOption(TaskListPage.java:33)
at com.actitime.pom.TaskListPage.getNewCustOption(TaskListPage.java:33)
at com.actitime.pom.TaskListPage.getNewCustOption(TaskListPage.java:33)
at com.actitime.pom.TaskListPage.getNewCustOption(TaskListPage.java:33)
at com.actitime.pom.TaskListPage.getNewCustOption(TaskListPage.java:33)
at com.actitime.pom.TaskListPage.getNewCustOption(TaskListPage.java:33)
at com.actitime.pom.TaskListPage.getNewCustOption(TaskListPage.java:33)
at com.actitime.pom.TaskListPage.getNewCustOption(TaskListPage.java:33)
at com.actitime.pom.TaskListPage.getNewCustOption(TaskListPage.java:33)
at com.actitime.pom.TaskListPage.getNewCustOption(TaskListPage.java:33)
at com.actitime.pom.TaskListPage.getNewCustOption(TaskListPage.java:33)
at com.actitime.pom.TaskListPage.getNewCustOption(TaskListPage.java:33)
at com.actitime.pom.TaskListPage.getNewCustOption(TaskListPage.java:33)
at com.actitime.pom.TaskListPage.getNewCustOption(TaskListPage.java:33)
at com.actitime.pom.TaskListPage.getNewCustOption(TaskListPage.java:33)
at com.actitime.pom.TaskListPage.getNewCustOption(TaskListPage.java:33)
at com.actitime.pom.TaskListPage.getNewCustOption(TaskListPage.java:33)
at com.actitime.pom.TaskListPage.getNewCustOption(TaskListPage.java:33)
at com.actitime.pom.TaskListPage.getNewCustOption(TaskListPage.java:33)
at com.actitime.pom.TaskListPage.getNewCustOption(TaskListPage.java:33)
at com.actitime.pom.TaskListPage.getNewCustOption(TaskListPage.java:33)
at com.actitime.pom.TaskListPage.getNewCustOption(TaskListPage.java:33)
at com.actitime.pom.TaskListPage.getNewCustOption(TaskListPage.java:33)
at com.actitime.pom.TaskListPage.getNewCustOption(TaskListPage.java:33)
at com.actitime.pom.TaskListPage.getNewCustOption(TaskListPage.java:33)
at com.actitime.pom.TaskListPage.getNewCustOption(TaskListPage.java:33)
at com.actitime.pom.TaskListPage.getNewCustOption(TaskListPage.java:33)
at com.actitime.pom.TaskListPage.getNewCustOption(TaskListPage.java:33)
at com.actitime.pom.TaskListPage.getNewCustOption(TaskListPage.java:33)
at com.actitime.pom.TaskListPage.getNewCustOption(TaskListPage.java:33)
at com.actitime.pom.TaskListPage.getNewCustOption(TaskListPage.java:33)
at com.actitime.pom.TaskListPage.getNewCustOption(TaskListPage.java:33)
at com.actitime.pom.TaskListPage.getNewCustOption(TaskListPage.java:33)
at com.actitime.pom.TaskListPage.getNewCustOption(TaskListPage.java:33)
at com.actitime.pom.TaskListPage.getNewCustOption(TaskListPage.java:33)
at com.actitime.pom.TaskListPage.getNewCustOption(TaskListPage.java:33)
at com.actitime.pom.TaskListPage.getNewCustOption(TaskListPage.java:33)
at com.actitime.pom.TaskListPage.getNewCustOption(TaskListPage.java:33)
at com.actitime.pom.TaskListPage.getNewCustOption(TaskListPage.java:33)
at com.actitime.pom.TaskListPage.getNewCustOption(TaskListPage.java:33)
at com.actitime.pom.TaskListPage.getNewCustOption(TaskListPage.java:33)
at com.actitime.pom.TaskListPage.getNewCustOption(TaskListPage.java:33)
at com.actitime.pom.TaskListPage.getNewCustOption(TaskListPage.java:33)
at com.actitime.pom.TaskListPage.getNewCustOption(TaskListPage.java:33)
at com.actitime.pom.TaskListPage.getNewCustOption(TaskListPage.java:33)
at com.actitime.pom.TaskListPage.getNewCustOption(TaskListPage.java:33)
at com.actitime.pom.TaskListPage.getNewCustOption(TaskListPage.java:33)
at com.actitime.pom.TaskListPage.getNewCustOption(TaskListPage.java:33)
at com.actitime.pom.TaskListPage.getNewCustOption(TaskListPage.java:33)
at com.actitime.pom.TaskListPage.getNewCustOption(TaskListPage.java:33)
at com.actitime.pom.TaskListPage.getNewCustOption(TaskListPage.java:33)
at com.actitime.pom.TaskListPage.getNewCustOption(TaskListPage.java:33)
at com.actitime.pom.TaskListPage.getNewCustOption(TaskListPage.java:33)
at com.actitime.pom.TaskListPage.getNewCustOption(TaskListPage.java:33)
at com.actitime.pom.TaskListPage.getNewCustOption(TaskListPage.java:33)
at com.actitime.pom.TaskListPage.getNewCustOption(TaskListPage.java:33)
at com.actitime.pom.TaskListPage.getNewCustOption(TaskListPage.java:33)
at com.actitime.pom.TaskListPage.getNewCustOption(TaskListPage.java:33)
at com.actitime.pom.TaskListPage.getNewCustOption(TaskListPage.java:33)
at com.actitime.pom.TaskListPage.getNewCustOption(TaskListPage.java:33)
at com.actitime.pom.TaskListPage.getNewCustOption(TaskListPage.java:33)
at com.actitime.pom.TaskListPage.getNewCustOption(TaskListPage.java:33)
at com.actitime.pom.TaskListPage.getNewCustOption(TaskListPage.java:33)
at com.actitime.pom.TaskListPage.getNewCustOption(TaskListPage.java:33)
at com.actitime.pom.TaskListPage.getNewCustOption(TaskListPage.java:33)
at com.actitime.pom.TaskListPage.getNewCustOption(TaskListPage.java:33)
at com.actitime.pom.TaskListPage.getNewCustOption(TaskListPage.java:33)
at com.actitime.pom.TaskListPage.getNewCustOption(TaskListPage.java:33)
at com.actitime.pom.TaskListPage.getNewCustOption(TaskListPage.java:33)
at com.actitime.pom.TaskListPage.getNewCustOption(TaskListPage.java:33)
at com.actitime.pom.TaskListPage.getNewCustOption(TaskListPage.java:33)
at com.actitime.pom.TaskListPage.getNewCustOption(TaskListPage.java:33)
at com.actitime.pom.TaskListPage.getNewCustOption(TaskListPage.java:33)
at com.actitime.pom.TaskListPage.getNewCustOption(TaskListPage.java:33)
at com.actitime.pom.TaskListPage.getNewCustOption(TaskListPage.java:33)
at com.actitime.pom.TaskListPage.getNewCustOption(TaskListPage.java:33)
at com.actitime.pom.TaskListPage.getNewCustOption(TaskListPage.java:33)
at com.actitime.pom.TaskListPage.getNewCustOption(TaskListPage.java:33)
at com.actitime.pom.TaskListPage.getNewCustOption(TaskListPage.java:33)
at com.actitime.pom.TaskListPage.getNewCustOption(TaskListPage.java:33)
at com.actitime.pom.TaskListPage.getNewCustOption(TaskListPage.java:33)
at com.actitime.pom.TaskListPage.getNewCustOption(TaskListPage.java:33)
at com.actitime.pom.TaskListPage.getNewCustOption(TaskListPage.java:33)
at com.actitime.pom.TaskListPage.getNewCustOption(TaskListPage.java:33)
at com.actitime.pom.TaskListPage.getNewCustOption(TaskListPage.java:33)
at com.actitime.pom.TaskListPage.getNewCustOption(TaskListPage.java:33)
at com.actitime.pom.TaskListPage.getNewCustOption(TaskListPage.java:33)
at com.actitime.pom.TaskListPage.getNewCustOption(TaskListPage.java:33)
at com.actitime.pom.TaskListPage.getNewCustOption(TaskListPage.java:33)
at com.actitime.pom.TaskListPage.getNewCustOption(TaskListPage.java:33)
at com.actitime.pom.TaskListPage.getNewCustOption(TaskListPage.java:33)
at com.actitime.pom.TaskListPage.getNewCustOption(TaskListPage.java:33)
at com.actitime.pom.TaskListPage.getNewCustOption(TaskListPage.java:33)
at com.actitime.pom.TaskListPage.getNewCustOption(TaskListPage.java:33)
at com.actitime.pom.TaskListPage.getNewCustOption(TaskListPage.java:33)
at com.actitime.pom.TaskListPage.getNewCustOption(TaskListPage.java:33)
at com.actitime.pom.TaskListPage.getNewCustOption(TaskListPage.java:33)
at com.actitime.pom.TaskListPage.getNewCustOption(TaskListPage.java:33)
at com.actitime.pom.TaskListPage.getNewCustOption(TaskListPage.java:33)
at com.actitime.pom.TaskListPage.getNewCustOption(TaskListPage.java:33)
at com.actitime.pom.TaskListPage.getNewCustOption(TaskListPage.java:33)
at com.actitime.pom.TaskListPage.getNewCustOption(TaskListPage.java:33)
at com.actitime.pom.TaskListPage.getNewCustOption(TaskListPage.java:33)
at com.actitime.pom.TaskListPage.getNewCustOption(TaskListPage.java:33)
at com.actitime.pom.TaskListPage.getNewCustOption(TaskListPage.java:33)
at com.actitime.pom.TaskListPage.getNewCustOption(TaskListPage.java:33)
at com.actitime.pom.TaskListPage.getNewCustOption(TaskListPage.java:33)
at com.actitime.pom.TaskListPage.getNewCustOption(TaskListPage.java:33)
at com.actitime.pom.TaskListPage.getNewCustOption(TaskListPage.java:33)
at com.actitime.pom.TaskListPage.getNewCustOption(TaskListPage.java:33)
at com.actitime.pom.TaskListPage.getNewCustOption(TaskListPage.java:33)
at com.actitime.pom.TaskListPage.getNewCustOption(TaskListPage.java:33)
at com.actitime.pom.TaskListPage.getNewCustOption(TaskListPage.java:33)
at com.actitime.pom.TaskListPage.getNewCustOption(TaskListPage.java:33)
at com.actitime.pom.TaskListPage.getNewCustOption(TaskListPage.java:33)
at com.actitime.pom.TaskListPage.getNewCustOption(TaskListPage.java:33)
at com.actitime.pom.TaskListPage.getNewCustOption(TaskListPage.java:33)
at com.actitime.pom.TaskListPage.getNewCustOption(TaskListPage.java:33)
at com.actitime.pom.TaskListPage.getNewCustOption(TaskListPage.java:33)
at com.actitime.pom.TaskListPage.getNewCustOption(TaskListPage.java:33)
at com.actitime.pom.TaskListPage.getNewCustOption(TaskListPage.java:33)
at com.actitime.pom.TaskListPage.getNewCustOption(TaskListPage.java:33)
at com.actitime.pom.TaskListPage.getNewCustOption(TaskListPage.java:33)
at com.actitime.pom.TaskListPage.getNewCustOption(TaskListPage.java:33)
at com.actitime.pom.TaskListPage.getNewCustOption(TaskListPage.java:33)
at com.actitime.pom.TaskListPage.getNewCustOption(TaskListPage.java:33)
at com.actitime.pom.TaskListPage.getNewCustOption(TaskListPage.java:33)
at com.actitime.pom.TaskListPage.getNewCustOption(TaskListPage.java:33)
at com.actitime.pom.TaskListPage.getNewCustOption(TaskListPage.java:33)
at com.actitime.pom.TaskListPage.getNewCustOption(TaskListPage.java:33)
at com.actitime.pom.TaskListPage.getNewCustOption(TaskListPage.java:33)
at com.actitime.pom.TaskListPage.getNewCustOption(TaskListPage.java:33)
at com.actitime.pom.TaskListPage.getNewCustOption(TaskListPage.java:33)
at com.actitime.pom.TaskListPage.getNewCustOption(TaskListPage.java:33)
at com.actitime.pom.TaskListPage.getNewCustOption(TaskListPage.java:33)
at com.actitime.pom.TaskListPage.getNewCustOption(TaskListPage.java:33)
at com.actitime.pom.TaskListPage.getNewCustOption(TaskListPage.java:33)
at com.actitime.pom.TaskListPage.getNewCustOption(TaskListPage.java:33)
at com.actitime.pom.TaskListPage.getNewCustOption(TaskListPage.java:33)
at com.actitime.pom.TaskListPage.getNewCustOption(TaskListPage.java:33)
at com.actitime.pom.TaskListPage.getNewCustOption(TaskListPage.java:33)
at com.actitime.pom.TaskListPage.getNewCustOption(TaskListPage.java:33)
at com.actitime.pom.TaskListPage.getNewCustOption(TaskListPage.java:33)
at com.actitime.pom.TaskListPage.getNewCustOption(TaskListPage.java:33)
at com.actitime.pom.TaskListPage.getNewCustOption(TaskListPage.java:33)
at com.actitime.pom.TaskListPage.getNewCustOption(TaskListPage.java:33)
at com.actitime.pom.TaskListPage.getNewCustOption(TaskListPage.java:33)
at com.actitime.pom.TaskListPage.getNewCustOption(TaskListPage.java:33)
at com.actitime.pom.TaskListPage.getNewCustOption(TaskListPage.java:33)
at com.actitime.pom.TaskListPage.getNewCustOption(TaskListPage.java:33)
at com.actitime.pom.TaskListPage.getNewCustOption(TaskListPage.java:33)
at com.actitime.pom.TaskListPage.getNewCustOption(TaskListPage.java:33)
at com.actitime.pom.TaskListPage.getNewCustOption(TaskListPage.java:33)
at com.actitime.pom.TaskListPage.getNewCustOption(TaskListPage.java:33)
at com.actitime.pom.TaskListPage.getNewCustOption(TaskListPage.java:33)
at com.actitime.pom.TaskListPage.getNewCustOption(TaskListPage.java:33)
at com.actitime.pom.TaskListPage.getNewCustOption(TaskListPage.java:33)
at com.actitime.pom.TaskListPage.getNewCustOption(TaskListPage.java:33)
at com.actitime.pom.TaskListPage.getNewCustOption(TaskListPage.java:33)
at com.actitime.pom.TaskListPage.getNewCustOption(TaskListPage.java:33)
at com.actitime.pom.TaskListPage.getNewCustOption(TaskListPage.java:33)
at com.actitime.pom.TaskListPage.getNewCustOption(TaskListPage.java:33)
at com.actitime.pom.TaskListPage.getNewCustOption(TaskListPage.java:33)
at com.actitime.pom.TaskListPage.getNewCustOption(TaskListPage.java:33)
at com.actitime.pom.TaskListPage.getNewCustOption(TaskListPage.java:33)
at com.actitime.pom.TaskListPage.getNewCustOption(TaskListPage.java:33)
at com.actitime.pom.TaskListPage.getNewCustOption(TaskListPage.java:33)
at com.actitime.pom.TaskListPage.getNewCustOption(TaskListPage.java:33)
at com.actitime.pom.TaskListPage.getNewCustOption(TaskListPage.java:33)
at com.actitime.pom.TaskListPage.getNewCustOption(TaskListPage.java:33)
at com.actitime.pom.TaskListPage.getNewCustOption(TaskListPage.java:33)
at com.actitime.pom.TaskListPage.getNewCustOption(TaskListPage.java:33)
at com.actitime.pom.TaskListPage.getNewCustOption(TaskListPage.java:33)
at com.actitime.pom.TaskListPage.getNewCustOption(TaskListPage.java:33)
at com.actitime.pom.TaskListPage.getNewCustOption(TaskListPage.java:33)
at com.actitime.pom.TaskListPage.getNewCustOption(TaskListPage.java:33)
at com.actitime.pom.TaskListPage.getNewCustOption(TaskListPage.java:33)
at com.actitime.pom.TaskListPage.getNewCustOption(TaskListPage.java:33)
at com.actitime.pom.TaskListPage.getNewCustOption(TaskListPage.java:33)
at com.actitime.pom.TaskListPage.getNewCustOption(TaskListPage.java:33)
at com.actitime.pom.TaskListPage.getNewCustOption(TaskListPage.java:33)
at com.actitime.pom.TaskListPage.getNewCustOption(TaskListPage.java:33)
at com.actitime.pom.TaskListPage.getNewCustOption(TaskListPage.java:33)
at com.actitime.pom.TaskListPage.getNewCustOption(TaskListPage.java:33)
at com.actitime.pom.TaskListPage.getNewCustOption(TaskListPage.java:33)
at com.actitime.pom.TaskListPage.getNewCustOption(TaskListPage.java:33)
at com.actitime.pom.TaskListPage.getNewCustOption(TaskListPage.java:33)
at com.actitime.pom.TaskListPage.getNewCustOption(TaskListPage.java:33)
at com.actitime.pom.TaskListPage.getNewCustOption(TaskListPage.java:33)
at com.actitime.pom.TaskListPage.getNewCustOption(TaskListPage.java:33)
at com.actitime.pom.TaskListPage.getNewCustOption(TaskListPage.java:33)
at com.actitime.pom.TaskListPage.getNewCustOption(TaskListPage.java:33)
at com.actitime.pom.TaskListPage.getNewCustOption(TaskListPage.java:33)
at com.actitime.pom.TaskListPage.getNewCustOption(TaskListPage.java:33)
at com.actitime.pom.TaskListPage.getNewCustOption(TaskListPage.java:33)
at com.actitime.pom.TaskListPage.getNewCustOption(TaskListPage.java:33)
at com.actitime.pom.TaskListPage.getNewCustOption(TaskListPage.java:33)
at com.actitime.pom.TaskListPage.getNewCustOption(TaskListPage.java:33)
at com.actitime.pom.TaskListPage.getNewCustOption(TaskListPage.java:33)
at com.actitime.pom.TaskListPage.getNewCustOption(TaskListPage.java:33)
at com.actitime.pom.TaskListPage.getNewCustOption(TaskListPage.java:33)
at com.actitime.pom.TaskListPage.getNewCustOption(TaskListPage.java:33)
at com.actitime.pom.TaskListPage.getNewCustOption(TaskListPage.java:33)
at com.actitime.pom.TaskListPage.getNewCustOption(TaskListPage.java:33)
at com.actitime.pom.TaskListPage.getNewCustOption(TaskListPage.java:33)
at com.actitime.pom.TaskListPage.getNewCustOption(TaskListPage.java:33)
at com.actitime.pom.TaskListPage.getNewCustOption(TaskListPage.java:33)
at com.actitime.pom.TaskListPage.getNewCustOption(TaskListPage.java:33)
at com.actitime.pom.TaskListPage.getNewCustOption(TaskListPage.java:33)
at com.actitime.pom.TaskListPage.getNewCustOption(TaskListPage.java:33)
at com.actitime.pom.TaskListPage.getNewCustOption(TaskListPage.java:33)
at com.actitime.pom.TaskListPage.getNewCustOption(TaskListPage.java:33)
at com.actitime.pom.TaskListPage.getNewCustOption(TaskListPage.java:33)
at com.actitime.pom.TaskListPage.getNewCustOption(TaskListPage.java:33)
at com.actitime.pom.TaskListPage.getNewCustOption(TaskListPage.java:33)
at com.actitime.pom.TaskListPage.getNewCustOption(TaskListPage.java:33)
at com.actitime.pom.TaskListPage.getNewCustOption(TaskListPage.java:33)
at com.actitime.pom.TaskListPage.getNewCustOption(TaskListPage.java:33)
at com.actitime.pom.TaskListPage.getNewCustOption(TaskListPage.java:33)
at com.actitime.pom.TaskListPage.getNewCustOption(TaskListPage.java:33)
at com.actitime.pom.TaskListPage.getNewCustOption(TaskListPage.java:33)
at com.actitime.pom.TaskListPage.getNewCustOption(TaskListPage.java:33)
at com.actitime.pom.TaskListPage.getNewCustOption(TaskListPage.java:33)
at com.actitime.pom.TaskListPage.getNewCustOption(TaskListPage.java:33)
at com.actitime.pom.TaskListPage.getNewCustOption(TaskListPage.java:33)
at com.actitime.pom.TaskListPage.getNewCustOption(TaskListPage.java:33)
at com.actitime.pom.TaskListPage.getNewCustOption(TaskListPage.java:33)
at com.actitime.pom.TaskListPage.getNewCustOption(TaskListPage.java:33)
at com.actitime.pom.TaskListPage.getNewCustOption(TaskListPage.java:33)
at com.actitime.pom.TaskListPage.getNewCustOption(TaskListPage.java:33)
at com.actitime.pom.TaskListPage.getNewCustOption(TaskListPage.java:33)
at com.actitime.pom.TaskListPage.getNewCustOption(TaskListPage.java:33)
at com.actitime.pom.TaskListPage.getNewCustOption(TaskListPage.java:33)
at com.actitime.pom.TaskListPage.getNewCustOption(TaskListPage.java:33)
at com.actitime.pom.TaskListPage.getNewCustOption(TaskListPage.java:33)
at com.actitime.pom.TaskListPage.getNewCustOption(TaskListPage.java:33)
at com.actitime.pom.TaskListPage.getNewCustOption(TaskListPage.java:33)
at com.actitime.pom.TaskListPage.getNewCustOption(TaskListPage.java:33)
at com.actitime.pom.TaskListPage.getNewCustOption(TaskListPage.java:33)
at com.actitime.pom.TaskListPage.getNewCustOption(TaskListPage.java:33)
at com.actitime.pom.TaskListPage.getNewCustOption(TaskListPage.java:33)
at com.actitime.pom.TaskListPage.getNewCustOption(TaskListPage.java:33)
at com.actitime.pom.TaskListPage.getNewCustOption(TaskListPage.java:33)
at com.actitime.pom.TaskListPage.getNewCustOption(TaskListPage.java:33)
at com.actitime.pom.TaskListPage.getNewCustOption(TaskListPage.java:33)
at com.actitime.pom.TaskListPage.getNewCustOption(TaskListPage.java:33)
at com.actitime.pom.TaskListPage.getNewCustOption(TaskListPage.java:33)
at com.actitime.pom.TaskListPage.getNewCustOption(TaskListPage.java:33)
at com.actitime.pom.TaskListPage.getNewCustOption(TaskListPage.java:33)
at com.actitime.pom.TaskListPage.getNewCustOption(TaskListPage.java:33)
at com.actitime.pom.TaskListPage.getNewCustOption(TaskListPage.java:33)
at com.actitime.pom.TaskListPage.getNewCustOption(TaskListPage.java:33)
at com.actitime.pom.TaskListPage.getNewCustOption(TaskListPage.java:33)
at com.actitime.pom.TaskListPage.getNewCustOption(TaskListPage.java:33)
at com.actitime.pom.TaskListPage.getNewCustOption(TaskListPage.java:33)
at com.actitime.pom.TaskListPage.getNewCustOption(TaskListPage.java:33)
at com.actitime.pom.TaskListPage.getNewCustOption(TaskListPage.java:33)
at com.actitime.pom.TaskListPage.getNewCustOption(TaskListPage.java:33)
at com.actitime.pom.TaskListPage.getNewCustOption(TaskListPage.java:33)
at com.actitime.pom.TaskListPage.getNewCustOption(TaskListPage.java:33)
at com.actitime.pom.TaskListPage.getNewCustOption(TaskListPage.java:33)
at com.actitime.pom.TaskListPage.getNewCustOption(TaskListPage.java:33)
at com.actitime.pom.TaskListPage.getNewCustOption(TaskListPage.java:33)
at com.actitime.pom.TaskListPage.getNewCustOption(TaskListPage.java:33)
at com.actitime.pom.TaskListPage.getNewCustOption(TaskListPage.java:33)
at com.actitime.pom.TaskListPage.getNewCustOption(TaskListPage.java:33)
at com.actitime.pom.TaskListPage.getNewCustOption(TaskListPage.java:33)
at com.actitime.pom.TaskListPage.getNewCustOption(TaskListPage.java:33)
at com.actitime.pom.TaskListPage.getNewCustOption(TaskListPage.java:33)
at com.actitime.pom.TaskListPage.getNewCustOption(TaskListPage.java:33)
at com.actitime.pom.TaskListPage.getNewCustOption(TaskListPage.java:33)
at com.actitime.pom.TaskListPage.getNewCustOption(TaskListPage.java:33)
at com.actitime.pom.TaskListPage.getNewCustOption(TaskListPage.java:33)
at com.actitime.pom.TaskListPage.getNewCustOption(TaskListPage.java:33)
at com.actitime.pom.TaskListPage.getNewCustOption(TaskListPage.java:33)
at com.actitime.pom.TaskListPage.getNewCustOption(TaskListPage.java:33)
at com.actitime.pom.TaskListPage.getNewCustOption(TaskListPage.java:33)
at com.actitime.pom.TaskListPage.getNewCustOption(TaskListPage.java:33)
at com.actitime.pom.TaskListPage.getNewCustOption(TaskListPage.java:33)
at com.actitime.pom.TaskListPage.getNewCustOption(TaskListPage.java:33)
at com.actitime.pom.TaskListPage.getNewCustOption(TaskListPage.java:33)
at com.actitime.pom.TaskListPage.getNewCustOption(TaskListPage.java:33)
at com.actitime.pom.TaskListPage.getNewCustOption(TaskListPage.java:33)
at com.actitime.pom.TaskListPage.getNewCustOption(TaskListPage.java:33)
at com.actitime.pom.TaskListPage.getNewCustOption(TaskListPage.java:33)
at com.actitime.pom.TaskListPage.getNewCustOption(TaskListPage.java:33)
at com.actitime.pom.TaskListPage.getNewCustOption(TaskListPage.java:33)
at com.actitime.pom.TaskListPage.getNewCustOption(TaskListPage.java:33)
at com.actitime.pom.TaskListPage.getNewCustOption(TaskListPage.java:33)
at com.actitime.pom.TaskListPage.getNewCustOption(TaskListPage.java:33)
at com.actitime.pom.TaskListPage.getNewCustOption(TaskListPage.java:33)
at com.actitime.pom.TaskListPage.getNewCustOption(TaskListPage.java:33)
at com.actitime.pom.TaskListPage.getNewCustOption(TaskListPage.java:33)
at com.actitime.pom.TaskListPage.getNewCustOption(TaskListPage.java:33)
at com.actitime.pom.TaskListPage.getNewCustOption(TaskListPage.java:33)
at com.actitime.pom.TaskListPage.getNewCustOption(TaskListPage.java:33)
at com.actitime.pom.TaskListPage.getNewCustOption(TaskListPage.java:33)
at com.actitime.pom.TaskListPage.getNewCustOption(TaskListPage.java:33)
at com.actitime.pom.TaskListPage.getNewCustOption(TaskListPage.java:33)
at com.actitime.pom.TaskListPage.getNewCustOption(TaskListPage.java:33)
at com.actitime.pom.TaskListPage.getNewCustOption(TaskListPage.java:33)
at com.actitime.pom.TaskListPage.getNewCustOption(TaskListPage.java:33)
at com.actitime.pom.TaskListPage.getNewCustOption(TaskListPage.java:33)
at com.actitime.pom.TaskListPage.getNewCustOption(TaskListPage.java:33)
at com.actitime.pom.TaskListPage.getNewCustOption(TaskListPage.java:33)
at com.actitime.pom.TaskListPage.getNewCustOption(TaskListPage.java:33)
at com.actitime.pom.TaskListPage.getNewCustOption(TaskListPage.java:33)
at com.actitime.pom.TaskListPage.getNewCustOption(TaskListPage.java:33)
at com.actitime.pom.TaskListPage.getNewCustOption(TaskListPage.java:33)
at com.actitime.pom.TaskListPage.getNewCustOption(TaskListPage.java:33)
at com.actitime.pom.TaskListPage.getNewCustOption(TaskListPage.java:33)
at com.actitime.pom.TaskListPage.getNewCustOption(TaskListPage.java:33)
at com.actitime.pom.TaskListPage.getNewCustOption(TaskListPage.java:33)
at com.actitime.pom.TaskListPage.getNewCustOption(TaskListPage.java:33)
at com.actitime.pom.TaskListPage.getNewCustOption(TaskListPage.java:33)
at com.actitime.pom.TaskListPage.getNewCustOption(TaskListPage.java:33)
at com.actitime.pom.TaskListPage.getNewCustOption(TaskListPage.java:33)
at com.actitime.pom.TaskListPage.getNewCustOption(TaskListPage.java:33)
at com.actitime.pom.TaskListPage.getNewCustOption(TaskListPage.java:33)
at com.actitime.pom.TaskListPage.getNewCustOption(TaskListPage.java:33)
at com.actitime.pom.TaskListPage.getNewCustOption(TaskListPage.java:33)
at com.actitime.pom.TaskListPage.getNewCustOption(TaskListPage.java:33)
at com.actitime.pom.TaskListPage.getNewCustOption(TaskListPage.java:33)
at com.actitime.pom.TaskListPage.getNewCustOption(TaskListPage.java:33)
at com.actitime.pom.TaskListPage.getNewCustOption(TaskListPage.java:33)
at com.actitime.pom.TaskListPage.getNewCustOption(TaskListPage.java:33)
at com.actitime.pom.TaskListPage.getNewCustOption(TaskListPage.java:33)
at com.actitime.pom.TaskListPage.getNewCustOption(TaskListPage.java:33)
at com.actitime.pom.TaskListPage.getNewCustOption(TaskListPage.java:33)
at com.actitime.pom.TaskListPage.getNewCustOption(TaskListPage.java:33)
at com.actitime.pom.TaskListPage.getNewCustOption(TaskListPage.java:33)
at com.actitime.pom.TaskListPage.getNewCustOption(TaskListPage.java:33)
at com.actitime.pom.TaskListPage.getNewCustOption(TaskListPage.java:33)
at com.actitime.pom.TaskListPage.getNewCustOption(TaskListPage.java:33)
at com.actitime.pom.TaskListPage.getNewCustOption(TaskListPage.java:33)
at com.actitime.pom.TaskListPage.getNewCustOption(TaskListPage.java:33)
at com.actitime.pom.TaskListPage.getNewCustOption(TaskListPage.java:33)
at com.actitime.pom.TaskListPage.getNewCustOption(TaskListPage.java:33)
at com.actitime.pom.TaskListPage.getNewCustOption(TaskListPage.java:33)
at com.actitime.pom.TaskListPage.getNewCustOption(TaskListPage.java:33)
at com.actitime.pom.TaskListPage.getNewCustOption(TaskListPage.java:33)
at com.actitime.pom.TaskListPage.getNewCustOption(TaskListPage.java:33)
at com.actitime.pom.TaskListPage.getNewCustOption(TaskListPage.java:33)
at com.actitime.pom.TaskListPage.getNewCustOption(TaskListPage.java:33)
at com.actitime.pom.TaskListPage.getNewCustOption(TaskListPage.java:33)
at com.actitime.pom.TaskListPage.getNewCustOption(TaskListPage.java:33)
at com.actitime.pom.TaskListPage.getNewCustOption(TaskListPage.java:33)
at com.actitime.pom.TaskListPage.getNewCustOption(TaskListPage.java:33)
at com.actitime.pom.TaskListPage.getNewCustOption(TaskListPage.java:33)
at com.actitime.pom.TaskListPage.getNewCustOption(TaskListPage.java:33)
at com.actitime.pom.TaskListPage.getNewCustOption(TaskListPage.java:33)
at com.actitime.pom.TaskListPage.getNewCustOption(TaskListPage.java:33)
at com.actitime.pom.TaskListPage.getNewCustOption(TaskListPage.java:33)
at com.actitime.pom.TaskListPage.getNewCustOption(TaskListPage.java:33)
at com.actitime.pom.TaskListPage.getNewCustOption(TaskListPage.java:33)
at com.actitime.pom.TaskListPage.getNewCustOption(TaskListPage.java:33)
at com.actitime.pom.TaskListPage.getNewCustOption(TaskListPage.java:33)
at com.actitime.pom.TaskListPage.getNewCustOption(TaskListPage.java:33)
at com.actitime.pom.TaskListPage.getNewCustOption(TaskListPage.java:33)
at com.actitime.pom.TaskListPage.getNewCustOption(TaskListPage.java:33)
at com.actitime.pom.TaskListPage.getNewCustOption(TaskListPage.java:33)
at com.actitime.pom.TaskListPage.getNewCustOption(TaskListPage.java:33)
at com.actitime.pom.TaskListPage.getNewCustOption(TaskListPage.java:33)
at com.actitime.pom.TaskListPage.getNewCustOption(TaskListPage.java:33)
at com.actitime.pom.TaskListPage.getNewCustOption(TaskListPage.java:33)
at com.actitime.pom.TaskListPage.getNewCustOption(TaskListPage.java:33)
at com.actitime.pom.TaskListPage.getNewCustOption(TaskListPage.java:33)
at com.actitime.pom.TaskListPage.getNewCustOption(TaskListPage.java:33)
at com.actitime.pom.TaskListPage.getNewCustOption(TaskListPage.java:33)
at com.actitime.pom.TaskListPage.getNewCustOption(TaskListPage.java:33)
at com.actitime.pom.TaskListPage.getNewCustOption(TaskListPage.java:33)
at com.actitime.pom.TaskListPage.getNewCustOption(TaskListPage.java:33)
at com.actitime.pom.TaskListPage.getNewCustOption(TaskListPage.java:33)
at com.actitime.pom.TaskListPage.getNewCustOption(TaskListPage.java:33)
at com.actitime.pom.TaskListPage.getNewCustOption(TaskListPage.java:33)
at com.actitime.pom.TaskListPage.getNewCustOption(TaskListPage.java:33)
at com.actitime.pom.TaskListPage.getNewCustOption(TaskListPage.java:33)
at com.actitime.pom.TaskListPage.getNewCustOption(TaskListPage.java:33)
at com.actitime.pom.TaskListPage.getNewCustOption(TaskListPage.java:33)
at com.actitime.pom.TaskListPage.getNewCustOption(TaskListPage.java:33)
at com.actitime.pom.TaskListPage.getNewCustOption(TaskListPage.java:33)
at com.actitime.pom.TaskListPage.getNewCustOption(TaskListPage.java:33)
at com.actitime.pom.TaskListPage.getNewCustOption(TaskListPage.java:33)
at com.actitime.pom.TaskListPage.getNewCustOption(TaskListPage.java:33)
at com.actitime.pom.TaskListPage.getNewCustOption(TaskListPage.java:33)
at com.actitime.pom.TaskListPage.getNewCustOption(TaskListPage.java:33)
at com.actitime.pom.TaskListPage.getNewCustOption(TaskListPage.java:33)
at com.actitime.pom.TaskListPage.getNewCustOption(TaskListPage.java:33)
at com.actitime.pom.TaskListPage.getNewCustOption(TaskListPage.java:33)
at com.actitime.pom.TaskListPage.getNewCustOption(TaskListPage.java:33)
at com.actitime.pom.TaskListPage.getNewCustOption(TaskListPage.java:33)
at com.actitime.pom.TaskListPage.getNewCustOption(TaskListPage.java:33)
at com.actitime.pom.TaskListPage.getNewCustOption(TaskListPage.java:33)
at com.actitime.pom.TaskListPage.getNewCustOption(TaskListPage.java:33)
at com.actitime.pom.TaskListPage.getNewCustOption(TaskListPage.java:33)
at com.actitime.pom.TaskListPage.getNewCustOption(TaskListPage.java:33)
at com.actitime.pom.TaskListPage.getNewCustOption(TaskListPage.java:33)
at com.actitime.pom.TaskListPage.getNewCustOption(TaskListPage.java:33)
at com.actitime.pom.TaskListPage.getNewCustOption(TaskListPage.java:33)
at com.actitime.pom.TaskListPage.getNewCustOption(TaskListPage.java:33)
at com.actitime.pom.TaskListPage.getNewCustOption(TaskListPage.java:33)
at com.actitime.pom.TaskListPage.getNewCustOption(TaskListPage.java:33)
at com.actitime.pom.TaskListPage.getNewCustOption(TaskListPage.java:33)
at com.actitime.pom.TaskListPage.getNewCustOption(TaskListPage.java:33)
at com.actitime.pom.TaskListPage.getNewCustOption(TaskListPage.java:33)
at com.actitime.pom.TaskListPage.getNewCustOption(TaskListPage.java:33)
at com.actitime.pom.TaskListPage.getNewCustOption(TaskListPage.java:33)
at com.actitime.pom.TaskListPage.getNewCustOption(TaskListPage.java:33)
at com.actitime.pom.TaskListPage.getNewCustOption(TaskListPage.java:33)
at com.actitime.pom.TaskListPage.getNewCustOption(TaskListPage.java:33)
at com.actitime.pom.TaskListPage.getNewCustOption(TaskListPage.java:33)
at com.actitime.pom.TaskListPage.getNewCustOption(TaskListPage.java:33)
at com.actitime.pom.TaskListPage.getNewCustOption(TaskListPage.java:33)
at com.actitime.pom.TaskListPage.getNewCustOption(TaskListPage.java:33)
at com.actitime.pom.TaskListPage.getNewCustOption(TaskListPage.java:33)
at com.actitime.pom.TaskListPage.getNewCustOption(TaskListPage.java:33)
at com.actitime.pom.TaskListPage.getNewCustOption(TaskListPage.java:33)
at com.actitime.pom.TaskListPage.getNewCustOption(TaskListPage.java:33)
at com.actitime.pom.TaskListPage.getNewCustOption(TaskListPage.java:33)
at com.actitime.pom.TaskListPage.getNewCustOption(TaskListPage.java:33)
at com.actitime.pom.TaskListPage.getNewCustOption(TaskListPage.java:33)
at com.actitime.pom.TaskListPage.getNewCustOption(TaskListPage.java:33)
at com.actitime.pom.TaskListPage.getNewCustOption(TaskListPage.java:33)
at com.actitime.pom.TaskListPage.getNewCustOption(TaskListPage.java:33)
at com.actitime.pom.TaskListPage.getNewCustOption(TaskListPage.java:33)
at com.actitime.pom.TaskListPage.getNewCustOption(TaskListPage.java:33)
at com.actitime.pom.TaskListPage.getNewCustOption(TaskListPage.java:33)
at com.actitime.pom.TaskListPage.getNewCustOption(TaskListPage.java:33)
at com.actitime.pom.TaskListPage.getNewCustOption(TaskListPage.java:33)
at com.actitime.pom.TaskListPage.getNewCustOption(TaskListPage.java:33)
at com.actitime.pom.TaskListPage.getNewCustOption(TaskListPage.java:33)
at com.actitime.pom.TaskListPage.getNewCustOption(TaskListPage.java:33)
at com.actitime.pom.TaskListPage.getNewCustOption(TaskListPage.java:33)
at com.actitime.pom.TaskListPage.getNewCustOption(TaskListPage.java:33)
at com.actitime.pom.TaskListPage.getNewCustOption(TaskListPage.java:33)
at com.actitime.pom.TaskListPage.getNewCustOption(TaskListPage.java:33)
at com.actitime.pom.TaskListPage.getNewCustOption(TaskListPage.java:33)
at com.actitime.pom.TaskListPage.getNewCustOption(TaskListPage.java:33)
at com.actitime.pom.TaskListPage.getNewCustOption(TaskListPage.java:33)
at com.actitime.pom.TaskListPage.getNewCustOption(TaskListPage.java:33)
at com.actitime.pom.TaskListPage.getNewCustOption(TaskListPage.java:33)
at com.actitime.pom.TaskListPage.getNewCustOption(TaskListPage.java:33)
at com.actitime.pom.TaskListPage.getNewCustOption(TaskListPage.java:33)
at com.actitime.pom.TaskListPage.getNewCustOption(TaskListPage.java:33)
at com.actitime.pom.TaskListPage.getNewCustOption(TaskListPage.java:33)
at com.actitime.pom.TaskListPage.getNewCustOption(TaskListPage.java:33)
at com.actitime.pom.TaskListPage.getNewCustOption(TaskListPage.java:33)
at com.actitime.pom.TaskListPage.getNewCustOption(TaskListPage.java:33)
at com.actitime.pom.TaskListPage.getNewCustOption(TaskListPage.java:33)
at com.actitime.pom.TaskListPage.getNewCustOption(TaskListPage.java:33)
at com.actitime.pom.TaskListPage.getNewCustOption(TaskListPage.java:33)
at com.actitime.pom.TaskListPage.getNewCustOption(TaskListPage.java:33)
at com.actitime.pom.TaskListPage.getNewCustOption(TaskListPage.java:33)
at com.actitime.pom.TaskListPage.getNewCustOption(TaskListPage.java:33)
at com.actitime.pom.TaskListPage.getNewCustOption(TaskListPage.java:33)
at com.actitime.pom.TaskListPage.getNewCustOption(TaskListPage.java:33)
at com.actitime.pom.TaskListPage.getNewCustOption(TaskListPage.java:33)
at com.actitime.pom.TaskListPage.getNewCustOption(TaskListPage.java:33)
at com.actitime.pom.TaskListPage.getNewCustOption(TaskListPage.java:33)
at com.actitime.pom.TaskListPage.getNewCustOption(TaskListPage.java:33)
at com.actitime.pom.TaskListPage.getNewCustOption(TaskListPage.java:33)
at com.actitime.pom.TaskListPage.getNewCustOption(TaskListPage.java:33)
at com.actitime.pom.TaskListPage.getNewCustOption(TaskListPage.java:33)
at com.actitime.pom.TaskListPage.getNewCustOption(TaskListPage.java:33)
at com.actitime.pom.TaskListPage.getNewCustOption(TaskListPage.java:33)
at com.actitime.pom.TaskListPage.getNewCustOption(TaskListPage.java:33)
at com.actitime.pom.TaskListPage.getNewCustOption(TaskListPage.java:33)
at com.actitime.pom.TaskListPage.getNewCustOption(TaskListPage.java:33)
at com.actitime.pom.TaskListPage.getNewCustOption(TaskListPage.java:33)
at com.actitime.pom.TaskListPage.getNewCustOption(TaskListPage.java:33)
at com.actitime.pom.TaskListPage.getNewCustOption(TaskListPage.java:33)
at com.actitime.pom.TaskListPage.getNewCustOption(TaskListPage.java:33)
at com.actitime.pom.TaskListPage.getNewCustOption(TaskListPage.java:33)
at com.actitime.pom.TaskListPage.getNewCustOption(TaskListPage.java:33)
at com.actitime.pom.TaskListPage.getNewCustOption(TaskListPage.java:33)
at com.actitime.pom.TaskListPage.getNewCustOption(TaskListPage.java:33)
at com.actitime.pom.TaskListPage.getNewCustOption(TaskListPage.java:33)
at com.actitime.pom.TaskListPage.getNewCustOption(TaskListPage.java:33)
at com.actitime.pom.TaskListPage.getNewCustOption(TaskListPage.java:33)
at com.actitime.pom.TaskListPage.getNewCustOption(TaskListPage.java:33)
at com.actitime.pom.TaskListPage.getNewCustOption(TaskListPage.java:33)
at com.actitime.pom.TaskListPage.getNewCustOption(TaskListPage.java:33)
at com.actitime.pom.TaskListPage.getNewCustOption(TaskListPage.java:33)
at com.actitime.pom.TaskListPage.getNewCustOption(TaskListPage.java:33)
at com.actitime.pom.TaskListPage.getNewCustOption(TaskListPage.java:33)
at com.actitime.pom.TaskListPage.getNewCustOption(TaskListPage.java:33)
at com.actitime.pom.TaskListPage.getNewCustOption(TaskListPage.java:33)
at com.actitime.pom.TaskListPage.getNewCustOption(TaskListPage.java:33)
at com.actitime.pom.TaskListPage.getNewCustOption(TaskListPage.java:33)
at com.actitime.pom.TaskListPage.getNewCustOption(TaskListPage.java:33)
at com.actitime.pom.TaskListPage.getNewCustOption(TaskListPage.java:33)
at com.actitime.pom.TaskListPage.getNewCustOption(TaskListPage.java:33)
at com.actitime.pom.TaskListPage.getNewCustOption(TaskListPage.java:33)
at com.actitime.pom.TaskListPage.getNewCustOption(TaskListPage.java:33)
at com.actitime.pom.TaskListPage.getNewCustOption(TaskListPage.java:33)
at com.actitime.pom.TaskListPage.getNewCustOption(TaskListPage.java:33)
at com.actitime.pom.TaskListPage.getNewCustOption(TaskListPage.java:33)
at com.actitime.pom.TaskListPage.getNewCustOption(TaskListPage.java:33)
at com.actitime.pom.TaskListPage.getNewCustOption(TaskListPage.java:33)
at com.actitime.pom.TaskListPage.getNewCustOption(TaskListPage.java:33)
at com.actitime.pom.TaskListPage.getNewCustOption(TaskListPage.java:33)
at com.actitime.pom.TaskListPage.getNewCustOption(TaskListPage.java:33)
at com.actitime.pom.TaskListPage.getNewCustOption(TaskListPage.java:33)
at com.actitime.pom.TaskListPage.getNewCustOption(TaskListPage.java:33)
at com.actitime.pom.TaskListPage.getNewCustOption(TaskListPage.java:33)
at com.actitime.pom.TaskListPage.getNewCustOption(TaskListPage.java:33)
at com.actitime.pom.TaskListPage.getNewCustOption(TaskListPage.java:33)
at com.actitime.pom.TaskListPage.getNewCustOption(TaskListPage.java:33)
at com.actitime.pom.TaskListPage.getNewCustOption(TaskListPage.java:33)
at com.actitime.pom.TaskListPage.getNewCustOption(TaskListPage.java:33)
at com.actitime.pom.TaskListPage.getNewCustOption(TaskListPage.java:33)
at com.actitime.pom.TaskListPage.getNewCustOption(TaskListPage.java:33)
at com.actitime.pom.TaskListPage.getNewCustOption(TaskListPage.java:33)
at com.actitime.pom.TaskListPage.getNewCustOption(TaskListPage.java:33)
at com.actitime.pom.TaskListPage.getNewCustOption(TaskListPage.java:33)
at com.actitime.pom.TaskListPage.getNewCustOption(TaskListPage.java:33)
at com.actitime.pom.TaskListPage.getNewCustOption(TaskListPage.java:33)
at com.actitime.pom.TaskListPage.getNewCustOption(TaskListPage.java:33)
at com.actitime.pom.TaskListPage.getNewCustOption(TaskListPage.java:33)
at com.actitime.pom.TaskListPage.getNewCustOption(TaskListPage.java:33)
at com.actitime.pom.TaskListPage.getNewCustOption(TaskListPage.java:33)
at com.actitime.pom.TaskListPage.getNewCustOption(TaskListPage.java:33)
at com.actitime.pom.TaskListPage.getNewCustOption(TaskListPage.java:33)
at com.actitime.pom.TaskListPage.getNewCustOption(TaskListPage.java:33)
at com.actitime.pom.TaskListPage.getNewCustOption(TaskListPage.java:33)
at com.actitime.pom.TaskListPage.getNewCustOption(TaskListPage.java:33)
at com.actitime.pom.TaskListPage.getNewCustOption(TaskListPage.java:33)
at com.actitime.pom.TaskListPage.getNewCustOption(TaskListPage.java:33)
at com.actitime.pom.TaskListPage.getNewCustOption(TaskListPage.java:33)
at com.actitime.pom.TaskListPage.getNewCustOption(TaskListPage.java:33)
at com.actitime.pom.TaskListPage.getNewCustOption(TaskListPage.java:33)
at com.actitime.pom.TaskListPage.getNewCustOption(TaskListPage.java:33)
at com.actitime.pom.TaskListPage.getNewCustOption(TaskListPage.java:33)
at com.actitime.pom.TaskListPage.getNewCustOption(TaskListPage.java:33)
at com.actitime.pom.TaskListPage.getNewCustOption(TaskListPage.java:33)
at com.actitime.pom.TaskListPage.getNewCustOption(TaskListPage.java:33)
at com.actitime.pom.TaskListPage.getNewCustOption(TaskListPage.java:33)
at com.actitime.pom.TaskListPage.getNewCustOption(TaskListPage.java:33)
at com.actitime.pom.TaskListPage.getNewCustOption(TaskListPage.java:33)
at com.actitime.pom.TaskListPage.getNewCustOption(TaskListPage.java:33)
at com.actitime.pom.TaskListPage.getNewCustOption(TaskListPage.java:33)
at com.actitime.pom.TaskListPage.getNewCustOption(TaskListPage.java:33)
at com.actitime.pom.TaskListPage.getNewCustOption(TaskListPage.java:33)
at com.actitime.pom.TaskListPage.getNewCustOption(TaskListPage.java:33)
at com.actitime.pom.TaskListPage.getNewCustOption(TaskListPage.java:33)
at com.actitime.pom.TaskListPage.getNewCustOption(TaskListPage.java:33)
at com.actitime.pom.TaskListPage.getNewCustOption(TaskListPage.java:33)
at com.actitime.pom.TaskListPage.getNewCustOption(TaskListPage.java:33)
at com.actitime.pom.TaskListPage.getNewCustOption(TaskListPage.java:33)
at com.actitime.pom.TaskListPage.getNewCustOption(TaskListPage.java:33)
at com.actitime.pom.TaskListPage.getNewCustOption(TaskListPage.java:33)
at com.actitime.pom.TaskListPage.getNewCustOption(TaskListPage.java:33)
at com.actitime.pom.TaskListPage.getNewCustOption(TaskListPage.java:33)
at com.actitime.pom.TaskListPage.getNewCustOption(TaskListPage.java:33)
at com.actitime.pom.TaskListPage.getNewCustOption(TaskListPage.java:33)
at com.actitime.pom.TaskListPage.getNewCustOption(TaskListPage.java:33)
at com.actitime.pom.TaskListPage.getNewCustOption(TaskListPage.java:33)
at com.actitime.pom.TaskListPage.getNewCustOption(TaskListPage.java:33)
at com.actitime.pom.TaskListPage.getNewCustOption(TaskListPage.java:33)
at com.actitime.pom.TaskListPage.getNewCustOption(TaskListPage.java:33)
at com.actitime.pom.TaskListPage.getNewCustOption(TaskListPage.java:33)
at com.actitime.pom.TaskListPage.getNewCustOption(TaskListPage.java:33)
at com.actitime.pom.TaskListPage.getNewCustOption(TaskListPage.java:33)
at com.actitime.pom.TaskListPage.getNewCustOption(TaskListPage.java:33)
at com.actitime.pom.TaskListPage.getNewCustOption(TaskListPage.java:33)
at com.actitime.pom.TaskListPage.getNewCustOption(TaskListPage.java:33)
at com.actitime.pom.TaskListPage.getNewCustOption(TaskListPage.java:33)
at com.actitime.pom.TaskListPage.getNewCustOption(TaskListPage.java:33)
at com.actitime.pom.TaskListPage.getNewCustOption(TaskListPage.java:33)
at com.actitime.pom.TaskListPage.getNewCustOption(TaskListPage.java:33)
at com.actitime.pom.TaskListPage.getNewCustOption(TaskListPage.java:33)
at com.actitime.pom.TaskListPage.getNewCustOption(TaskListPage.java:33)
at com.actitime.pom.TaskListPage.getNewCustOption(TaskListPage.java:33)
at com.actitime.pom.TaskListPage.getNewCustOption(TaskListPage.java:33)
at com.actitime.pom.TaskListPage.getNewCustOption(TaskListPage.java:33)
at com.actitime.pom.TaskListPage.getNewCustOption(TaskListPage.java:33)
at com.actitime.pom.TaskListPage.getNewCustOption(TaskListPage.java:33)
at com.actitime.pom.TaskListPage.getNewCustOption(TaskListPage.java:33)
at com.actitime.pom.TaskListPage.getNewCustOption(TaskListPage.java:33)
at com.actitime.pom.TaskListPage.getNewCustOption(TaskListPage.java:33)
at com.actitime.pom.TaskListPage.getNewCustOption(TaskListPage.java:33)
at com.actitime.pom.TaskListPage.getNewCustOption(TaskListPage.java:33)
at com.actitime.pom.TaskListPage.getNewCustOption(TaskListPage.java:33)
at com.actitime.pom.TaskListPage.getNewCustOption(TaskListPage.java:33)
at com.actitime.pom.TaskListPage.getNewCustOption(TaskListPage.java:33)
at com.actitime.pom.TaskListPage.getNewCustOption(TaskListPage.java:33)
at com.actitime.pom.TaskListPage.getNewCustOption(TaskListPage.java:33)
at com.actitime.pom.TaskListPage.getNewCustOption(TaskListPage.java:33)
at com.actitime.pom.TaskListPage.getNewCustOption(TaskListPage.java:33)
at com.actitime.pom.TaskListPage.getNewCustOption(TaskListPage.java:33)
at com.actitime.pom.TaskListPage.getNewCustOption(TaskListPage.java:33)
at com.actitime.pom.TaskListPage.getNewCustOption(TaskListPage.java:33)
at com.actitime.pom.TaskListPage.getNewCustOption(TaskListPage.java:33)
at com.actitime.pom.TaskListPage.getNewCustOption(TaskListPage.java:33)
at com.actitime.pom.TaskListPage.getNewCustOption(TaskListPage.java:33)
at com.actitime.pom.TaskListPage.getNewCustOption(TaskListPage.java:33)
at com.actitime.pom.TaskListPage.getNewCustOption(TaskListPage.java:33)
at com.actitime.pom.TaskListPage.getNewCustOption(TaskListPage.java:33)
at com.actitime.pom.TaskListPage.getNewCustOption(TaskListPage.java:33)
at com.actitime.pom.TaskListPage.getNewCustOption(TaskListPage.java:33)
at com.actitime.pom.TaskListPage.getNewCustOption(TaskListPage.java:33)
at com.actitime.pom.TaskListPage.getNewCustOption(TaskListPage.java:33)
at com.actitime.pom.TaskListPage.getNewCustOption(TaskListPage.java:33)
at com.actitime.pom.TaskListPage.getNewCustOption(TaskListPage.java:33)
at com.actitime.pom.TaskListPage.getNewCustOption(TaskListPage.java:33)
at com.actitime.pom.TaskListPage.getNewCustOption(TaskListPage.java:33)
at com.actitime.pom.TaskListPage.getNewCustOption(TaskListPage.java:33)
at com.actitime.pom.TaskListPage.getNewCustOption(TaskListPage.java:33)
at com.actitime.pom.TaskListPage.getNewCustOption(TaskListPage.java:33)
at com.actitime.pom.TaskListPage.getNewCustOption(TaskListPage.java:33)
at com.actitime.pom.TaskListPage.getNewCustOption(TaskListPage.java:33)
at com.actitime.pom.TaskListPage.getNewCustOption(TaskListPage.java:33)
at com.actitime.pom.TaskListPage.getNewCustOption(TaskListPage.java:33)
at com.actitime.pom.TaskListPage.getNewCustOption(TaskListPage.java:33)
at com.actitime.pom.TaskListPage.getNewCustOption(TaskListPage.java:33)
at com.actitime.pom.TaskListPage.getNewCustOption(TaskListPage.java:33)
at com.actitime.pom.TaskListPage.getNewCustOption(TaskListPage.java:33)
at com.actitime.pom.TaskListPage.getNewCustOption(TaskListPage.java:33)
at com.actitime.pom.TaskListPage.getNewCustOption(TaskListPage.java:33)
at com.actitime.pom.TaskListPage.getNewCustOption(TaskListPage.java:33)
at com.actitime.pom.TaskListPage.getNewCustOption(TaskListPage.java:33)
at com.actitime.pom.TaskListPage.getNewCustOption(TaskListPage.java:33)
at com.actitime.pom.TaskListPage.getNewCustOption(TaskListPage.java:33)
at com.actitime.pom.TaskListPage.getNewCustOption(TaskListPage.java:33)
at com.actitime.pom.TaskListPage.getNewCustOption(TaskListPage.java:33)
at com.actitime.pom.TaskListPage.getNewCustOption(TaskListPage.java:33)
at com.actitime.pom.TaskListPage.getNewCustOption(TaskListPage.java:33)
at com.actitime.pom.TaskListPage.getNewCustOption(TaskListPage.java:33)
at com.actitime.pom.TaskListPage.getNewCustOption(TaskListPage.java:33)
at com.actitime.pom.TaskListPage.getNewCustOption(TaskListPage.java:33)
at com.actitime.pom.TaskListPage.getNewCustOption(TaskListPage.java:33)
at com.actitime.pom.TaskListPage.getNewCustOption(TaskListPage.java:33)
at com.actitime.pom.TaskListPage.getNewCustOption(TaskListPage.java:33)
at com.actitime.pom.TaskListPage.getNewCustOption(TaskListPage.java:33)
at com.actitime.pom.TaskListPage.getNewCustOption(TaskListPage.java:33)
at com.actitime.pom.TaskListPage.getNewCustOption(TaskListPage.java:33)
at com.actitime.pom.TaskListPage.getNewCustOption(TaskListPage.java:33)
at com.actitime.pom.TaskListPage.getNewCustOption(TaskListPage.java:33)
at com.actitime.pom.TaskListPage.getNewCustOption(TaskListPage.java:33)
at com.actitime.pom.TaskListPage.getNewCustOption(TaskListPage.java:33)
at com.actitime.pom.TaskListPage.getNewCustOption(TaskListPage.java:33)
at com.actitime.pom.TaskListPage.getNewCustOption(TaskListPage.java:33)
at com.actitime.pom.TaskListPage.getNewCustOption(TaskListPage.java:33)
at com.actitime.pom.TaskListPage.getNewCustOption(TaskListPage.java:33)
at com.actitime.pom.TaskListPage.getNewCustOption(TaskListPage.java:33)
at com.actitime.pom.TaskListPage.getNewCustOption(TaskListPage.java:33)
]]>
            </full-stacktrace>
          </exception> <!-- java.lang.StackOverflowError -->
          <reporter-output>
            <line>
              <![CDATA[Create customer]]>
            </line>
          </reporter-output>
        </test-method> <!-- testCreateCustomer -->
        <test-method status="PASS" signature="logout()[pri:0, instance:com.actitime.testscript.CustomerModule@262b2c86]" name="logout" is-config="true" duration-ms="6555" started-at="2023-01-13T11:28:25 IST" finished-at="2023-01-13T11:28:32 IST">
          <reporter-output>
            <line>
              <![CDATA[logout]]>
            </line>
          </reporter-output>
        </test-method> <!-- logout -->
        <test-method status="PASS" signature="closeBrowser()[pri:0, instance:com.actitime.testscript.CustomerModule@262b2c86]" name="closeBrowser" is-config="true" duration-ms="16201" started-at="2023-01-13T11:28:32 IST" finished-at="2023-01-13T11:28:48 IST">
          <reporter-output>
            <line>
              <![CDATA[closeBrowser]]>
            </line>
          </reporter-output>
        </test-method> <!-- closeBrowser -->
      </class> <!-- com.actitime.testscript.CustomerModule -->
    </test> <!-- Default test -->
  </suite> <!-- Default suite -->
</testng-results>
