<?xml version="1.0" encoding="UTF-8"?>
<!-- Generated by org.testng.reporters.JUnitXMLReporter -->
<testsuite hostname="LAPTOP-MCUIGPQ0" ignored="0" name="Default test" tests="1" failures="1" timestamp="2023-01-13T11:28:48 IST" time="172.54" errors="0">
  <testcase name="testCreateCustomer" time="18.326" classname="com.actitime.testscript.CustomerModule">
    <failure type="java.lang.StackOverflowError">
      <![CDATA[java.lang.StackOverflowError
at com.actitime.pom.TaskListPage.getNewCustOption(TaskListPage.java:33)
at com.actitime.pom.TaskListPage.getNewCustOption(TaskListPage.java:33)
at com.actitime.pom.TaskListPage.getNewCustOption(TaskListPage.java:33)
at com.actitime.pom.TaskListPage.getNewCustOption(TaskListPage.java:33)
at com.actitime.pom.TaskListPage.getNewCustOption(TaskListPage.java:33)
at com.actitime.pom.TaskListPage.getNewCustOption(TaskListPage.java:33)
at com.actitime.pom.TaskListPage.getNewCustOption(TaskListPage.java:33)
at com.actitime.pom.TaskListPage.getNewCustOption(TaskListPage.java:33)
at com.actitime.pom.TaskListPage.getNewCustOption(TaskListPage.java:33)
at com.actitime.pom.TaskListPage.getNewCustOption(TaskListPage.java:33)
at com.actitime.pom.TaskListPage.getNewCustOption(TaskListPage.java:33)
at com.actitime.pom.TaskListPage.getNewCustOption(TaskListPage.java:33)
at com.actitime.pom.TaskListPage.getNewCustOption(TaskListPage.java:33)
at com.actitime.pom.TaskListPage.getNewCustOption(TaskListPage.java:33)
at com.actitime.pom.TaskListPage.getNewCustOption(TaskListPage.java:33)
at com.actitime.pom.TaskListPage.getNewCustOption(TaskListPage.java:33)
at com.actitime.pom.TaskListPage.getNewCustOption(TaskListPage.java:33)
at com.actitime.pom.TaskListPage.getNewCustOption(TaskListPage.java:33)
at com.actitime.pom.TaskListPage.getNewCustOption(TaskListPage.java:33)
at com.actitime.pom.TaskListPage.getNewCustOption(TaskListPage.java:33)
at com.actitime.pom.TaskListPage.getNewCustOption(TaskListPage.java:33)
at com.actitime.pom.TaskListPage.getNewCustOption(TaskListPage.java:33)
at com.actitime.pom.TaskListPage.getNewCustOption(TaskListPage.java:33)
at com.actitime.pom.TaskListPage.getNewCustOption(TaskListPage.java:33)
at com.actitime.pom.TaskListPage.getNewCustOption(TaskListPage.java:33)
at com.actitime.pom.TaskListPage.getNewCustOption(TaskListPage.java:33)
at com.actitime.pom.TaskListPage.getNewCustOption(TaskListPage.java:33)
at com.actitime.pom.TaskListPage.getNewCustOption(TaskListPage.java:33)
at com.actitime.pom.TaskListPage.getNewCustOption(TaskListPage.java:33)
at com.actitime.pom.TaskListPage.getNewCustOption(TaskListPage.java:33)
at com.actitime.pom.TaskListPage.getNewCustOption(TaskListPage.java:33)
at com.actitime.pom.TaskListPage.getNewCustOption(TaskListPage.java:33)
at com.actitime.pom.TaskListPage.getNewCustOption(TaskListPage.java:33)
at com.actitime.pom.TaskListPage.getNewCustOption(TaskListPage.java:33)
at com.actitime.pom.TaskListPage.getNewCustOption(TaskListPage.java:33)
at com.actitime.pom.TaskListPage.getNewCustOption(TaskListPage.java:33)
at com.actitime.pom.TaskListPage.getNewCustOption(TaskListPage.java:33)
at com.actitime.pom.TaskListPage.getNewCustOption(TaskListPage.java:33)
at com.actitime.pom.TaskListPage.getNewCustOption(TaskListPage.java:33)
at com.actitime.pom.TaskListPage.getNewCustOption(TaskListPage.java:33)
at com.actitime.pom.TaskListPage.getNewCustOption(TaskListPage.java:33)
at com.actitime.pom.TaskListPage.getNewCustOption(TaskListPage.java:33)
at com.actitime.pom.TaskListPage.getNewCustOption(TaskListPage.java:33)
at com.actitime.pom.TaskListPage.getNewCustOption(TaskListPage.java:33)
at com.actitime.pom.TaskListPage.getNewCustOption(TaskListPage.java:33)
at com.actitime.pom.TaskListPage.getNewCustOption(TaskListPage.java:33)
at com.actitime.pom.TaskListPage.getNewCustOption(TaskListPage.java:33)
at com.actitime.pom.TaskListPage.getNewCustOption(TaskListPage.java:33)
at com.actitime.pom.TaskListPage.getNewCustOption(TaskListPage.java:33)
at com.actitime.pom.TaskListPage.getNewCustOption(TaskListPage.java:33)
at com.actitime.pom.TaskListPage.getNewCustOption(TaskListPage.java:33)
at com.actitime.pom.TaskListPage.getNewCustOption(TaskListPage.java:33)
at com.actitime.pom.TaskListPage.getNewCustOption(TaskListPage.java:33)
at com.actitime.pom.TaskListPage.getNewCustOption(TaskListPage.java:33)
at com.actitime.pom.TaskListPage.getNewCustOption(TaskListPage.java:33)
at com.actitime.pom.TaskListPage.getNewCustOption(TaskListPage.java:33)
at com.actitime.pom.TaskListPage.getNewCustOption(TaskListPage.java:33)
at com.actitime.pom.TaskListPage.getNewCustOption(TaskListPage.java:33)
at com.actitime.pom.TaskListPage.getNewCustOption(TaskListPage.java:33)
at com.actitime.pom.TaskListPage.getNewCustOption(TaskListPage.java:33)
at com.actitime.pom.TaskListPage.getNewCustOption(TaskListPage.java:33)
at com.actitime.pom.TaskListPage.getNewCustOption(TaskListPage.java:33)
at com.actitime.pom.TaskListPage.getNewCustOption(TaskListPage.java:33)
at com.actitime.pom.TaskListPage.getNewCustOption(TaskListPage.java:33)
at com.actitime.pom.TaskListPage.getNewCustOption(TaskListPage.java:33)
at com.actitime.pom.TaskListPage.getNewCustOption(TaskListPage.java:33)
at com.actitime.pom.TaskListPage.getNewCustOption(TaskListPage.java:33)
at com.actitime.pom.TaskListPage.getNewCustOption(TaskListPage.java:33)
at com.actitime.pom.TaskListPage.getNewCustOption(TaskListPage.java:33)
at com.actitime.pom.TaskListPage.getNewCustOption(TaskListPage.java:33)
at com.actitime.pom.TaskListPage.getNewCustOption(TaskListPage.java:33)
at com.actitime.pom.TaskListPage.getNewCustOption(TaskListPage.java:33)
at com.actitime.pom.TaskListPage.getNewCustOption(TaskListPage.java:33)
at com.actitime.pom.TaskListPage.getNewCustOption(TaskListPage.java:33)
at com.actitime.pom.TaskListPage.getNewCustOption(TaskListPage.java:33)
at com.actitime.pom.TaskListPage.getNewCustOption(TaskListPage.java:33)
at com.actitime.pom.TaskListPage.getNewCustOption(TaskListPage.java:33)
at com.actitime.pom.TaskListPage.getNewCustOption(TaskListPage.java:33)
at com.actitime.pom.TaskListPage.getNewCustOption(TaskListPage.java:33)
at com.actitime.pom.TaskListPage.getNewCustOption(TaskListPage.java:33)
at com.actitime.pom.TaskListPage.getNewCustOption(TaskListPage.java:33)
at com.actitime.pom.TaskListPage.getNewCustOption(TaskListPage.java:33)
at com.actitime.pom.TaskListPage.getNewCustOption(TaskListPage.java:33)
at com.actitime.pom.TaskListPage.getNewCustOption(TaskListPage.java:33)
at com.actitime.pom.TaskListPage.getNewCustOption(TaskListPage.java:33)
at com.actitime.pom.TaskListPage.getNewCustOption(TaskListPage.java:33)
at com.actitime.pom.TaskListPage.getNewCustOption(TaskListPage.java:33)
at com.actitime.pom.TaskListPage.getNewCustOption(TaskListPage.java:33)
at com.actitime.pom.TaskListPage.getNewCustOption(TaskListPage.java:33)
at com.actitime.pom.TaskListPage.getNewCustOption(TaskListPage.java:33)
at com.actitime.pom.TaskListPage.getNewCustOption(TaskListPage.java:33)
at com.actitime.pom.TaskListPage.getNewCustOption(TaskListPage.java:33)
at com.actitime.pom.TaskListPage.getNewCustOption(TaskListPage.java:33)
at com.actitime.pom.TaskListPage.getNewCustOption(TaskListPage.java:33)
at com.actitime.pom.TaskListPage.getNewCustOption(TaskListPage.java:33)
at com.actitime.pom.TaskListPage.getNewCustOption(TaskListPage.java:33)
at com.actitime.pom.TaskListPage.getNewCustOption(TaskListPage.java:33)
at com.actitime.pom.TaskListPage.getNewCustOption(TaskListPage.java:33)
at com.actitime.pom.TaskListPage.getNewCustOption(TaskListPage.java:33)
at com.actitime.pom.TaskListPage.getNewCustOption(TaskListPage.java:33)
at com.actitime.pom.TaskListPage.getNewCustOption(TaskListPage.java:33)
at com.actitime.pom.TaskListPage.getNewCustOption(TaskListPage.java:33)
at com.actitime.pom.TaskListPage.getNewCustOption(TaskListPage.java:33)
at com.actitime.pom.TaskListPage.getNewCustOption(TaskListPage.java:33)
at com.actitime.pom.TaskListPage.getNewCustOption(TaskListPage.java:33)
at com.actitime.pom.TaskListPage.getNewCustOption(TaskListPage.java:33)
at com.actitime.pom.TaskListPage.getNewCustOption(TaskListPage.java:33)
at com.actitime.pom.TaskListPage.getNewCustOption(TaskListPage.java:33)
at com.actitime.pom.TaskListPage.getNewCustOption(TaskListPage.java:33)
at com.actitime.pom.TaskListPage.getNewCustOption(TaskListPage.java:33)
at com.actitime.pom.TaskListPage.getNewCustOption(TaskListPage.java:33)
at com.actitime.pom.TaskListPage.getNewCustOption(TaskListPage.java:33)
at com.actitime.pom.TaskListPage.getNewCustOption(TaskListPage.java:33)
at com.actitime.pom.TaskListPage.getNewCustOption(TaskListPage.java:33)
at com.actitime.pom.TaskListPage.getNewCustOption(TaskListPage.java:33)
at com.actitime.pom.TaskListPage.getNewCustOption(TaskListPage.java:33)
at com.actitime.pom.TaskListPage.getNewCustOption(TaskListPage.java:33)
at com.actitime.pom.TaskListPage.getNewCustOption(TaskListPage.java:33)
at com.actitime.pom.TaskListPage.getNewCustOption(TaskListPage.java:33)
at com.actitime.pom.TaskListPage.getNewCustOption(TaskListPage.java:33)
at com.actitime.pom.TaskListPage.getNewCustOption(TaskListPage.java:33)
at com.actitime.pom.TaskListPage.getNewCustOption(TaskListPage.java:33)
at com.actitime.pom.TaskListPage.getNewCustOption(TaskListPage.java:33)
at com.actitime.pom.TaskListPage.getNewCustOption(TaskListPage.java:33)
at com.actitime.pom.TaskListPage.getNewCustOption(TaskListPage.java:33)
at com.actitime.pom.TaskListPage.getNewCustOption(TaskListPage.java:33)
at com.actitime.pom.TaskListPage.getNewCustOption(TaskListPage.java:33)
at com.actitime.pom.TaskListPage.getNewCustOption(TaskListPage.java:33)
at com.actitime.pom.TaskListPage.getNewCustOption(TaskListPage.java:33)
at com.actitime.pom.TaskListPage.getNewCustOption(TaskListPage.java:33)
at com.actitime.pom.TaskListPage.getNewCustOption(TaskListPage.java:33)
at com.actitime.pom.TaskListPage.getNewCustOption(TaskListPage.java:33)
at com.actitime.pom.TaskListPage.getNewCustOption(TaskListPage.java:33)
at com.actitime.pom.TaskListPage.getNewCustOption(TaskListPage.java:33)
at com.actitime.pom.TaskListPage.getNewCustOption(TaskListPage.java:33)
at com.actitime.pom.TaskListPage.getNewCustOption(TaskListPage.java:33)
at com.actitime.pom.TaskListPage.getNewCustOption(TaskListPage.java:33)
at com.actitime.pom.TaskListPage.getNewCustOption(TaskListPage.java:33)
at com.actitime.pom.TaskListPage.getNewCustOption(TaskListPage.java:33)
at com.actitime.pom.TaskListPage.getNewCustOption(TaskListPage.java:33)
at com.actitime.pom.TaskListPage.getNewCustOption(TaskListPage.java:33)
at com.actitime.pom.TaskListPage.getNewCustOption(TaskListPage.java:33)
at com.actitime.pom.TaskListPage.getNewCustOption(TaskListPage.java:33)
at com.actitime.pom.TaskListPage.getNewCustOption(TaskListPage.java:33)
at com.actitime.pom.TaskListPage.getNewCustOption(TaskListPage.java:33)
at com.actitime.pom.TaskListPage.getNewCustOption(TaskListPage.java:33)
at com.actitime.pom.TaskListPage.getNewCustOption(TaskListPage.java:33)
at com.actitime.pom.TaskListPage.getNewCustOption(TaskListPage.java:33)
at com.actitime.pom.TaskListPage.getNewCustOption(TaskListPage.java:33)
at com.actitime.pom.TaskListPage.getNewCustOption(TaskListPage.java:33)
at com.actitime.pom.TaskListPage.getNewCustOption(TaskListPage.java:33)
at com.actitime.pom.TaskListPage.getNewCustOption(TaskListPage.java:33)
at com.actitime.pom.TaskListPage.getNewCustOption(TaskListPage.java:33)
at com.actitime.pom.TaskListPage.getNewCustOption(TaskListPage.java:33)
at com.actitime.pom.TaskListPage.getNewCustOption(TaskListPage.java:33)
at com.actitime.pom.TaskListPage.getNewCustOption(TaskListPage.java:33)
at com.actitime.pom.TaskListPage.getNewCustOption(TaskListPage.java:33)
at com.actitime.pom.TaskListPage.getNewCustOption(TaskListPage.java:33)
at com.actitime.pom.TaskListPage.getNewCustOption(TaskListPage.java:33)
at com.actitime.pom.TaskListPage.getNewCustOption(TaskListPage.java:33)
at com.actitime.pom.TaskListPage.getNewCustOption(TaskListPage.java:33)
at com.actitime.pom.TaskListPage.getNewCustOption(TaskListPage.java:33)
at com.actitime.pom.TaskListPage.getNewCustOption(TaskListPage.java:33)
at com.actitime.pom.TaskListPage.getNewCustOption(TaskListPage.java:33)
at com.actitime.pom.TaskListPage.getNewCustOption(TaskListPage.java:33)
at com.actitime.pom.TaskListPage.getNewCustOption(TaskListPage.java:33)
at com.actitime.pom.TaskListPage.getNewCustOption(TaskListPage.java:33)
at com.actitime.pom.TaskListPage.getNewCustOption(TaskListPage.java:33)
at com.actitime.pom.TaskListPage.getNewCustOption(TaskListPage.java:33)
at com.actitime.pom.TaskListPage.getNewCustOption(TaskListPage.java:33)
at com.actitime.pom.TaskListPage.getNewCustOption(TaskListPage.java:33)
at com.actitime.pom.TaskListPage.getNewCustOption(TaskListPage.java:33)
at com.actitime.pom.TaskListPage.getNewCustOption(TaskListPage.java:33)
at com.actitime.pom.TaskListPage.getNewCustOption(TaskListPage.java:33)
at com.actitime.pom.TaskListPage.getNewCustOption(TaskListPage.java:33)
at com.actitime.pom.TaskListPage.getNewCustOption(TaskListPage.java:33)
at com.actitime.pom.TaskListPage.getNewCustOption(TaskListPage.java:33)
at com.actitime.pom.TaskListPage.getNewCustOption(TaskListPage.java:33)
at com.actitime.pom.TaskListPage.getNewCustOption(TaskListPage.java:33)
at com.actitime.pom.TaskListPage.getNewCustOption(TaskListPage.java:33)
at com.actitime.pom.TaskListPage.getNewCustOption(TaskListPage.java:33)
at com.actitime.pom.TaskListPage.getNewCustOption(TaskListPage.java:33)
at com.actitime.pom.TaskListPage.getNewCustOption(TaskListPage.java:33)
at com.actitime.pom.TaskListPage.getNewCustOption(TaskListPage.java:33)
at com.actitime.pom.TaskListPage.getNewCustOption(TaskListPage.java:33)
at com.actitime.pom.TaskListPage.getNewCustOption(TaskListPage.java:33)
at com.actitime.pom.TaskListPage.getNewCustOption(TaskListPage.java:33)
at com.actitime.pom.TaskListPage.getNewCustOption(TaskListPage.java:33)
at com.actitime.pom.TaskListPage.getNewCustOption(TaskListPage.java:33)
at com.actitime.pom.TaskListPage.getNewCustOption(TaskListPage.java:33)
at com.actitime.pom.TaskListPage.getNewCustOption(TaskListPage.java:33)
at com.actitime.pom.TaskListPage.getNewCustOption(TaskListPage.java:33)
at com.actitime.pom.TaskListPage.getNewCustOption(TaskListPage.java:33)
at com.actitime.pom.TaskListPage.getNewCustOption(TaskListPage.java:33)
at com.actitime.pom.TaskListPage.getNewCustOption(TaskListPage.java:33)
at com.actitime.pom.TaskListPage.getNewCustOption(TaskListPage.java:33)
at com.actitime.pom.TaskListPage.getNewCustOption(TaskListPage.java:33)
at com.actitime.pom.TaskListPage.getNewCustOption(TaskListPage.java:33)
at com.actitime.pom.TaskListPage.getNewCustOption(TaskListPage.java:33)
at com.actitime.pom.TaskListPage.getNewCustOption(TaskListPage.java:33)
at com.actitime.pom.TaskListPage.getNewCustOption(TaskListPage.java:33)
at com.actitime.pom.TaskListPage.getNewCustOption(TaskListPage.java:33)
at com.actitime.pom.TaskListPage.getNewCustOption(TaskListPage.java:33)
at com.actitime.pom.TaskListPage.getNewCustOption(TaskListPage.java:33)
at com.actitime.pom.TaskListPage.getNewCustOption(TaskListPage.java:33)
at com.actitime.pom.TaskListPage.getNewCustOption(TaskListPage.java:33)
at com.actitime.pom.TaskListPage.getNewCustOption(TaskListPage.java:33)
at com.actitime.pom.TaskListPage.getNewCustOption(TaskListPage.java:33)
at com.actitime.pom.TaskListPage.getNewCustOption(TaskListPage.java:33)
at com.actitime.pom.TaskListPage.getNewCustOption(TaskListPage.java:33)
at com.actitime.pom.TaskListPage.getNewCustOption(TaskListPage.java:33)
at com.actitime.pom.TaskListPage.getNewCustOption(TaskListPage.java:33)
at com.actitime.pom.TaskListPage.getNewCustOption(TaskListPage.java:33)
at com.actitime.pom.TaskListPage.getNewCustOption(TaskListPage.java:33)
at com.actitime.pom.TaskListPage.getNewCustOption(TaskListPage.java:33)
at com.actitime.pom.TaskListPage.getNewCustOption(TaskListPage.java:33)
at com.actitime.pom.TaskListPage.getNewCustOption(TaskListPage.java:33)
at com.actitime.pom.TaskListPage.getNewCustOption(TaskListPage.java:33)
at com.actitime.pom.TaskListPage.getNewCustOption(TaskListPage.java:33)
at com.actitime.pom.TaskListPage.getNewCustOption(TaskListPage.java:33)
at com.actitime.pom.TaskListPage.getNewCustOption(TaskListPage.java:33)
at com.actitime.pom.TaskListPage.getNewCustOption(TaskListPage.java:33)
at com.actitime.pom.TaskListPage.getNewCustOption(TaskListPage.java:33)
at com.actitime.pom.TaskListPage.getNewCustOption(TaskListPage.java:33)
at com.actitime.pom.TaskListPage.getNewCustOption(TaskListPage.java:33)
at com.actitime.pom.TaskListPage.getNewCustOption(TaskListPage.java:33)
at com.actitime.pom.TaskListPage.getNewCustOption(TaskListPage.java:33)
at com.actitime.pom.TaskListPage.getNewCustOption(TaskListPage.java:33)
at com.actitime.pom.TaskListPage.getNewCustOption(TaskListPage.java:33)
at com.actitime.pom.TaskListPage.getNewCustOption(TaskListPage.java:33)
at com.actitime.pom.TaskListPage.getNewCustOption(TaskListPage.java:33)
at com.actitime.pom.TaskListPage.getNewCustOption(TaskListPage.java:33)
at com.actitime.pom.TaskListPage.getNewCustOption(TaskListPage.java:33)
at com.actitime.pom.TaskListPage.getNewCustOption(TaskListPage.java:33)
at com.actitime.pom.TaskListPage.getNewCustOption(TaskListPage.java:33)
at com.actitime.pom.TaskListPage.getNewCustOption(TaskListPage.java:33)
at com.actitime.pom.TaskListPage.getNewCustOption(TaskListPage.java:33)
at com.actitime.pom.TaskListPage.getNewCustOption(TaskListPage.java:33)
at com.actitime.pom.TaskListPage.getNewCustOption(TaskListPage.java:33)
at com.actitime.pom.TaskListPage.getNewCustOption(TaskListPage.java:33)
at com.actitime.pom.TaskListPage.getNewCustOption(TaskListPage.java:33)
at com.actitime.pom.TaskListPage.getNewCustOption(TaskListPage.java:33)
at com.actitime.pom.TaskListPage.getNewCustOption(TaskListPage.java:33)
at com.actitime.pom.TaskListPage.getNewCustOption(TaskListPage.java:33)
at com.actitime.pom.TaskListPage.getNewCustOption(TaskListPage.java:33)
at com.actitime.pom.TaskListPage.getNewCustOption(TaskListPage.java:33)
at com.actitime.pom.TaskListPage.getNewCustOption(TaskListPage.java:33)
at com.actitime.pom.TaskListPage.getNewCustOption(TaskListPage.java:33)
at com.actitime.pom.TaskListPage.getNewCustOption(TaskListPage.java:33)
at com.actitime.pom.TaskListPage.getNewCustOption(TaskListPage.java:33)
at com.actitime.pom.TaskListPage.getNewCustOption(TaskListPage.java:33)
at com.actitime.pom.TaskListPage.getNewCustOption(TaskListPage.java:33)
at com.actitime.pom.TaskListPage.getNewCustOption(TaskListPage.java:33)
at com.actitime.pom.TaskListPage.getNewCustOption(TaskListPage.java:33)
at com.actitime.pom.TaskListPage.getNewCustOption(TaskListPage.java:33)
at com.actitime.pom.TaskListPage.getNewCustOption(TaskListPage.java:33)
at com.actitime.pom.TaskListPage.getNewCustOption(TaskListPage.java:33)
at com.actitime.pom.TaskListPage.getNewCustOption(TaskListPage.java:33)
at com.actitime.pom.TaskListPage.getNewCustOption(TaskListPage.java:33)
at com.actitime.pom.TaskListPage.getNewCustOption(TaskListPage.java:33)
at com.actitime.pom.TaskListPage.getNewCustOption(TaskListPage.java:33)
at com.actitime.pom.TaskListPage.getNewCustOption(TaskListPage.java:33)
at com.actitime.pom.TaskListPage.getNewCustOption(TaskListPage.java:33)
at com.actitime.pom.TaskListPage.getNewCustOption(TaskListPage.java:33)
at com.actitime.pom.TaskListPage.getNewCustOption(TaskListPage.java:33)
at com.actitime.pom.TaskListPage.getNewCustOption(TaskListPage.java:33)
at com.actitime.pom.TaskListPage.getNewCustOption(TaskListPage.java:33)
at com.actitime.pom.TaskListPage.getNewCustOption(TaskListPage.java:33)
at com.actitime.pom.TaskListPage.getNewCustOption(TaskListPage.java:33)
at com.actitime.pom.TaskListPage.getNewCustOption(TaskListPage.java:33)
at com.actitime.pom.TaskListPage.getNewCustOption(TaskListPage.java:33)
at com.actitime.pom.TaskListPage.getNewCustOption(TaskListPage.java:33)
at com.actitime.pom.TaskListPage.getNewCustOption(TaskListPage.java:33)
at com.actitime.pom.TaskListPage.getNewCustOption(TaskListPage.java:33)
at com.actitime.pom.TaskListPage.getNewCustOption(TaskListPage.java:33)
at com.actitime.pom.TaskListPage.getNewCustOption(TaskListPage.java:33)
at com.actitime.pom.TaskListPage.getNewCustOption(TaskListPage.java:33)
at com.actitime.pom.TaskListPage.getNewCustOption(TaskListPage.java:33)
at com.actitime.pom.TaskListPage.getNewCustOption(TaskListPage.java:33)
at com.actitime.pom.TaskListPage.getNewCustOption(TaskListPage.java:33)
at com.actitime.pom.TaskListPage.getNewCustOption(TaskListPage.java:33)
at com.actitime.pom.TaskListPage.getNewCustOption(TaskListPage.java:33)
at com.actitime.pom.TaskListPage.getNewCustOption(TaskListPage.java:33)
at com.actitime.pom.TaskListPage.getNewCustOption(TaskListPage.java:33)
at com.actitime.pom.TaskListPage.getNewCustOption(TaskListPage.java:33)
at com.actitime.pom.TaskListPage.getNewCustOption(TaskListPage.java:33)
at com.actitime.pom.TaskListPage.getNewCustOption(TaskListPage.java:33)
at com.actitime.pom.TaskListPage.getNewCustOption(TaskListPage.java:33)
at com.actitime.pom.TaskListPage.getNewCustOption(TaskListPage.java:33)
at com.actitime.pom.TaskListPage.getNewCustOption(TaskListPage.java:33)
at com.actitime.pom.TaskListPage.getNewCustOption(TaskListPage.java:33)
at com.actitime.pom.TaskListPage.getNewCustOption(TaskListPage.java:33)
at com.actitime.pom.TaskListPage.getNewCustOption(TaskListPage.java:33)
at com.actitime.pom.TaskListPage.getNewCustOption(TaskListPage.java:33)
at com.actitime.pom.TaskListPage.getNewCustOption(TaskListPage.java:33)
at com.actitime.pom.TaskListPage.getNewCustOption(TaskListPage.java:33)
at com.actitime.pom.TaskListPage.getNewCustOption(TaskListPage.java:33)
at com.actitime.pom.TaskListPage.getNewCustOption(TaskListPage.java:33)
at com.actitime.pom.TaskListPage.getNewCustOption(TaskListPage.java:33)
at com.actitime.pom.TaskListPage.getNewCustOption(TaskListPage.java:33)
at com.actitime.pom.TaskListPage.getNewCustOption(TaskListPage.java:33)
at com.actitime.pom.TaskListPage.getNewCustOption(TaskListPage.java:33)
at com.actitime.pom.TaskListPage.getNewCustOption(TaskListPage.java:33)
at com.actitime.pom.TaskListPage.getNewCustOption(TaskListPage.java:33)
at com.actitime.pom.TaskListPage.getNewCustOption(TaskListPage.java:33)
at com.actitime.pom.TaskListPage.getNewCustOption(TaskListPage.java:33)
at com.actitime.pom.TaskListPage.getNewCustOption(TaskListPage.java:33)
at com.actitime.pom.TaskListPage.getNewCustOption(TaskListPage.java:33)
at com.actitime.pom.TaskListPage.getNewCustOption(TaskListPage.java:33)
at com.actitime.pom.TaskListPage.getNewCustOption(TaskListPage.java:33)
at com.actitime.pom.TaskListPage.getNewCustOption(TaskListPage.java:33)
at com.actitime.pom.TaskListPage.getNewCustOption(TaskListPage.java:33)
at com.actitime.pom.TaskListPage.getNewCustOption(TaskListPage.java:33)
at com.actitime.pom.TaskListPage.getNewCustOption(TaskListPage.java:33)
at com.actitime.pom.TaskListPage.getNewCustOption(TaskListPage.java:33)
at com.actitime.pom.TaskListPage.getNewCustOption(TaskListPage.java:33)
at com.actitime.pom.TaskListPage.getNewCustOption(TaskListPage.java:33)
at com.actitime.pom.TaskListPage.getNewCustOption(TaskListPage.java:33)
at com.actitime.pom.TaskListPage.getNewCustOption(TaskListPage.java:33)
at com.actitime.pom.TaskListPage.getNewCustOption(TaskListPage.java:33)
at com.actitime.pom.TaskListPage.getNewCustOption(TaskListPage.java:33)
at com.actitime.pom.TaskListPage.getNewCustOption(TaskListPage.java:33)
at com.actitime.pom.TaskListPage.getNewCustOption(TaskListPage.java:33)
at com.actitime.pom.TaskListPage.getNewCustOption(TaskListPage.java:33)
at com.actitime.pom.TaskListPage.getNewCustOption(TaskListPage.java:33)
at com.actitime.pom.TaskListPage.getNewCustOption(TaskListPage.java:33)
at com.actitime.pom.TaskListPage.getNewCustOption(TaskListPage.java:33)
at com.actitime.pom.TaskListPage.getNewCustOption(TaskListPage.java:33)
at com.actitime.pom.TaskListPage.getNewCustOption(TaskListPage.java:33)
at com.actitime.pom.TaskListPage.getNewCustOption(TaskListPage.java:33)
at com.actitime.pom.TaskListPage.getNewCustOption(TaskListPage.java:33)
at com.actitime.pom.TaskListPage.getNewCustOption(TaskListPage.java:33)
at com.actitime.pom.TaskListPage.getNewCustOption(TaskListPage.java:33)
at com.actitime.pom.TaskListPage.getNewCustOption(TaskListPage.java:33)
at com.actitime.pom.TaskListPage.getNewCustOption(TaskListPage.java:33)
at com.actitime.pom.TaskListPage.getNewCustOption(TaskListPage.java:33)
at com.actitime.pom.TaskListPage.getNewCustOption(TaskListPage.java:33)
at com.actitime.pom.TaskListPage.getNewCustOption(TaskListPage.java:33)
at com.actitime.pom.TaskListPage.getNewCustOption(TaskListPage.java:33)
at com.actitime.pom.TaskListPage.getNewCustOption(TaskListPage.java:33)
at com.actitime.pom.TaskListPage.getNewCustOption(TaskListPage.java:33)
at com.actitime.pom.TaskListPage.getNewCustOption(TaskListPage.java:33)
at com.actitime.pom.TaskListPage.getNewCustOption(TaskListPage.java:33)
at com.actitime.pom.TaskListPage.getNewCustOption(TaskListPage.java:33)
at com.actitime.pom.TaskListPage.getNewCustOption(TaskListPage.java:33)
at com.actitime.pom.TaskListPage.getNewCustOption(TaskListPage.java:33)
at com.actitime.pom.TaskListPage.getNewCustOption(TaskListPage.java:33)
at com.actitime.pom.TaskListPage.getNewCustOption(TaskListPage.java:33)
at com.actitime.pom.TaskListPage.getNewCustOption(TaskListPage.java:33)
at com.actitime.pom.TaskListPage.getNewCustOption(TaskListPage.java:33)
at com.actitime.pom.TaskListPage.getNewCustOption(TaskListPage.java:33)
at com.actitime.pom.TaskListPage.getNewCustOption(TaskListPage.java:33)
at com.actitime.pom.TaskListPage.getNewCustOption(TaskListPage.java:33)
at com.actitime.pom.TaskListPage.getNewCustOption(TaskListPage.java:33)
at com.actitime.pom.TaskListPage.getNewCustOption(TaskListPage.java:33)
at com.actitime.pom.TaskListPage.getNewCustOption(TaskListPage.java:33)
at com.actitime.pom.TaskListPage.getNewCustOption(TaskListPage.java:33)
at com.actitime.pom.TaskListPage.getNewCustOption(TaskListPage.java:33)
at com.actitime.pom.TaskListPage.getNewCustOption(TaskListPage.java:33)
at com.actitime.pom.TaskListPage.getNewCustOption(TaskListPage.java:33)
at com.actitime.pom.TaskListPage.getNewCustOption(TaskListPage.java:33)
at com.actitime.pom.TaskListPage.getNewCustOption(TaskListPage.java:33)
at com.actitime.pom.TaskListPage.getNewCustOption(TaskListPage.java:33)
at com.actitime.pom.TaskListPage.getNewCustOption(TaskListPage.java:33)
at com.actitime.pom.TaskListPage.getNewCustOption(TaskListPage.java:33)
at com.actitime.pom.TaskListPage.getNewCustOption(TaskListPage.java:33)
at com.actitime.pom.TaskListPage.getNewCustOption(TaskListPage.java:33)
at com.actitime.pom.TaskListPage.getNewCustOption(TaskListPage.java:33)
at com.actitime.pom.TaskListPage.getNewCustOption(TaskListPage.java:33)
at com.actitime.pom.TaskListPage.getNewCustOption(TaskListPage.java:33)
at com.actitime.pom.TaskListPage.getNewCustOption(TaskListPage.java:33)
at com.actitime.pom.TaskListPage.getNewCustOption(TaskListPage.java:33)
at com.actitime.pom.TaskListPage.getNewCustOption(TaskListPage.java:33)
at com.actitime.pom.TaskListPage.getNewCustOption(TaskListPage.java:33)
at com.actitime.pom.TaskListPage.getNewCustOption(TaskListPage.java:33)
at com.actitime.pom.TaskListPage.getNewCustOption(TaskListPage.java:33)
at com.actitime.pom.TaskListPage.getNewCustOption(TaskListPage.java:33)
at com.actitime.pom.TaskListPage.getNewCustOption(TaskListPage.java:33)
at com.actitime.pom.TaskListPage.getNewCustOption(TaskListPage.java:33)
at com.actitime.pom.TaskListPage.getNewCustOption(TaskListPage.java:33)
at com.actitime.pom.TaskListPage.getNewCustOption(TaskListPage.java:33)
at com.actitime.pom.TaskListPage.getNewCustOption(TaskListPage.java:33)
at com.actitime.pom.TaskListPage.getNewCustOption(TaskListPage.java:33)
at com.actitime.pom.TaskListPage.getNewCustOption(TaskListPage.java:33)
at com.actitime.pom.TaskListPage.getNewCustOption(TaskListPage.java:33)
at com.actitime.pom.TaskListPage.getNewCustOption(TaskListPage.java:33)
at com.actitime.pom.TaskListPage.getNewCustOption(TaskListPage.java:33)
at com.actitime.pom.TaskListPage.getNewCustOption(TaskListPage.java:33)
at com.actitime.pom.TaskListPage.getNewCustOption(TaskListPage.java:33)
at com.actitime.pom.TaskListPage.getNewCustOption(TaskListPage.java:33)
at com.actitime.pom.TaskListPage.getNewCustOption(TaskListPage.java:33)
at com.actitime.pom.TaskListPage.getNewCustOption(TaskListPage.java:33)
at com.actitime.pom.TaskListPage.getNewCustOption(TaskListPage.java:33)
at com.actitime.pom.TaskListPage.getNewCustOption(TaskListPage.java:33)
at com.actitime.pom.TaskListPage.getNewCustOption(TaskListPage.java:33)
at com.actitime.pom.TaskListPage.getNewCustOption(TaskListPage.java:33)
at com.actitime.pom.TaskListPage.getNewCustOption(TaskListPage.java:33)
at com.actitime.pom.TaskListPage.getNewCustOption(TaskListPage.java:33)
at com.actitime.pom.TaskListPage.getNewCustOption(TaskListPage.java:33)
at com.actitime.pom.TaskListPage.getNewCustOption(TaskListPage.java:33)
at com.actitime.pom.TaskListPage.getNewCustOption(TaskListPage.java:33)
at com.actitime.pom.TaskListPage.getNewCustOption(TaskListPage.java:33)
at com.actitime.pom.TaskListPage.getNewCustOption(TaskListPage.java:33)
at com.actitime.pom.TaskListPage.getNewCustOption(TaskListPage.java:33)
at com.actitime.pom.TaskListPage.getNewCustOption(TaskListPage.java:33)
at com.actitime.pom.TaskListPage.getNewCustOption(TaskListPage.java:33)
at com.actitime.pom.TaskListPage.getNewCustOption(TaskListPage.java:33)
at com.actitime.pom.TaskListPage.getNewCustOption(TaskListPage.java:33)
at com.actitime.pom.TaskListPage.getNewCustOption(TaskListPage.java:33)
at com.actitime.pom.TaskListPage.getNewCustOption(TaskListPage.java:33)
at com.actitime.pom.TaskListPage.getNewCustOption(TaskListPage.java:33)
at com.actitime.pom.TaskListPage.getNewCustOption(TaskListPage.java:33)
at com.actitime.pom.TaskListPage.getNewCustOption(TaskListPage.java:33)
at com.actitime.pom.TaskListPage.getNewCustOption(TaskListPage.java:33)
at com.actitime.pom.TaskListPage.getNewCustOption(TaskListPage.java:33)
at com.actitime.pom.TaskListPage.getNewCustOption(TaskListPage.java:33)
at com.actitime.pom.TaskListPage.getNewCustOption(TaskListPage.java:33)
at com.actitime.pom.TaskListPage.getNewCustOption(TaskListPage.java:33)
at com.actitime.pom.TaskListPage.getNewCustOption(TaskListPage.java:33)
at com.actitime.pom.TaskListPage.getNewCustOption(TaskListPage.java:33)
at com.actitime.pom.TaskListPage.getNewCustOption(TaskListPage.java:33)
at com.actitime.pom.TaskListPage.getNewCustOption(TaskListPage.java:33)
at com.actitime.pom.TaskListPage.getNewCustOption(TaskListPage.java:33)
at com.actitime.pom.TaskListPage.getNewCustOption(TaskListPage.java:33)
at com.actitime.pom.TaskListPage.getNewCustOption(TaskListPage.java:33)
at com.actitime.pom.TaskListPage.getNewCustOption(TaskListPage.java:33)
at com.actitime.pom.TaskListPage.getNewCustOption(TaskListPage.java:33)
at com.actitime.pom.TaskListPage.getNewCustOption(TaskListPage.java:33)
at com.actitime.pom.TaskListPage.getNewCustOption(TaskListPage.java:33)
at com.actitime.pom.TaskListPage.getNewCustOption(TaskListPage.java:33)
at com.actitime.pom.TaskListPage.getNewCustOption(TaskListPage.java:33)
at com.actitime.pom.TaskListPage.getNewCustOption(TaskListPage.java:33)
at com.actitime.pom.TaskListPage.getNewCustOption(TaskListPage.java:33)
at com.actitime.pom.TaskListPage.getNewCustOption(TaskListPage.java:33)
at com.actitime.pom.TaskListPage.getNewCustOption(TaskListPage.java:33)
at com.actitime.pom.TaskListPage.getNewCustOption(TaskListPage.java:33)
at com.actitime.pom.TaskListPage.getNewCustOption(TaskListPage.java:33)
at com.actitime.pom.TaskListPage.getNewCustOption(TaskListPage.java:33)
at com.actitime.pom.TaskListPage.getNewCustOption(TaskListPage.java:33)
at com.actitime.pom.TaskListPage.getNewCustOption(TaskListPage.java:33)
at com.actitime.pom.TaskListPage.getNewCustOption(TaskListPage.java:33)
at com.actitime.pom.TaskListPage.getNewCustOption(TaskListPage.java:33)
at com.actitime.pom.TaskListPage.getNewCustOption(TaskListPage.java:33)
at com.actitime.pom.TaskListPage.getNewCustOption(TaskListPage.java:33)
at com.actitime.pom.TaskListPage.getNewCustOption(TaskListPage.java:33)
at com.actitime.pom.TaskListPage.getNewCustOption(TaskListPage.java:33)
at com.actitime.pom.TaskListPage.getNewCustOption(TaskListPage.java:33)
at com.actitime.pom.TaskListPage.getNewCustOption(TaskListPage.java:33)
at com.actitime.pom.TaskListPage.getNewCustOption(TaskListPage.java:33)
at com.actitime.pom.TaskListPage.getNewCustOption(TaskListPage.java:33)
at com.actitime.pom.TaskListPage.getNewCustOption(TaskListPage.java:33)
at com.actitime.pom.TaskListPage.getNewCustOption(TaskListPage.java:33)
at com.actitime.pom.TaskListPage.getNewCustOption(TaskListPage.java:33)
at com.actitime.pom.TaskListPage.getNewCustOption(TaskListPage.java:33)
at com.actitime.pom.TaskListPage.getNewCustOption(TaskListPage.java:33)
at com.actitime.pom.TaskListPage.getNewCustOption(TaskListPage.java:33)
at com.actitime.pom.TaskListPage.getNewCustOption(TaskListPage.java:33)
at com.actitime.pom.TaskListPage.getNewCustOption(TaskListPage.java:33)
at com.actitime.pom.TaskListPage.getNewCustOption(TaskListPage.java:33)
at com.actitime.pom.TaskListPage.getNewCustOption(TaskListPage.java:33)
at com.actitime.pom.TaskListPage.getNewCustOption(TaskListPage.java:33)
at com.actitime.pom.TaskListPage.getNewCustOption(TaskListPage.java:33)
at com.actitime.pom.TaskListPage.getNewCustOption(TaskListPage.java:33)
at com.actitime.pom.TaskListPage.getNewCustOption(TaskListPage.java:33)
at com.actitime.pom.TaskListPage.getNewCustOption(TaskListPage.java:33)
at com.actitime.pom.TaskListPage.getNewCustOption(TaskListPage.java:33)
at com.actitime.pom.TaskListPage.getNewCustOption(TaskListPage.java:33)
at com.actitime.pom.TaskListPage.getNewCustOption(TaskListPage.java:33)
at com.actitime.pom.TaskListPage.getNewCustOption(TaskListPage.java:33)
at com.actitime.pom.TaskListPage.getNewCustOption(TaskListPage.java:33)
at com.actitime.pom.TaskListPage.getNewCustOption(TaskListPage.java:33)
at com.actitime.pom.TaskListPage.getNewCustOption(TaskListPage.java:33)
at com.actitime.pom.TaskListPage.getNewCustOption(TaskListPage.java:33)
at com.actitime.pom.TaskListPage.getNewCustOption(TaskListPage.java:33)
at com.actitime.pom.TaskListPage.getNewCustOption(TaskListPage.java:33)
at com.actitime.pom.TaskListPage.getNewCustOption(TaskListPage.java:33)
at com.actitime.pom.TaskListPage.getNewCustOption(TaskListPage.java:33)
at com.actitime.pom.TaskListPage.getNewCustOption(TaskListPage.java:33)
at com.actitime.pom.TaskListPage.getNewCustOption(TaskListPage.java:33)
at com.actitime.pom.TaskListPage.getNewCustOption(TaskListPage.java:33)
at com.actitime.pom.TaskListPage.getNewCustOption(TaskListPage.java:33)
at com.actitime.pom.TaskListPage.getNewCustOption(TaskListPage.java:33)
at com.actitime.pom.TaskListPage.getNewCustOption(TaskListPage.java:33)
at com.actitime.pom.TaskListPage.getNewCustOption(TaskListPage.java:33)
at com.actitime.pom.TaskListPage.getNewCustOption(TaskListPage.java:33)
at com.actitime.pom.TaskListPage.getNewCustOption(TaskListPage.java:33)
at com.actitime.pom.TaskListPage.getNewCustOption(TaskListPage.java:33)
at com.actitime.pom.TaskListPage.getNewCustOption(TaskListPage.java:33)
at com.actitime.pom.TaskListPage.getNewCustOption(TaskListPage.java:33)
at com.actitime.pom.TaskListPage.getNewCustOption(TaskListPage.java:33)
at com.actitime.pom.TaskListPage.getNewCustOption(TaskListPage.java:33)
at com.actitime.pom.TaskListPage.getNewCustOption(TaskListPage.java:33)
at com.actitime.pom.TaskListPage.getNewCustOption(TaskListPage.java:33)
at com.actitime.pom.TaskListPage.getNewCustOption(TaskListPage.java:33)
at com.actitime.pom.TaskListPage.getNewCustOption(TaskListPage.java:33)
at com.actitime.pom.TaskListPage.getNewCustOption(TaskListPage.java:33)
at com.actitime.pom.TaskListPage.getNewCustOption(TaskListPage.java:33)
at com.actitime.pom.TaskListPage.getNewCustOption(TaskListPage.java:33)
at com.actitime.pom.TaskListPage.getNewCustOption(TaskListPage.java:33)
at com.actitime.pom.TaskListPage.getNewCustOption(TaskListPage.java:33)
at com.actitime.pom.TaskListPage.getNewCustOption(TaskListPage.java:33)
at com.actitime.pom.TaskListPage.getNewCustOption(TaskListPage.java:33)
at com.actitime.pom.TaskListPage.getNewCustOption(TaskListPage.java:33)
at com.actitime.pom.TaskListPage.getNewCustOption(TaskListPage.java:33)
at com.actitime.pom.TaskListPage.getNewCustOption(TaskListPage.java:33)
at com.actitime.pom.TaskListPage.getNewCustOption(TaskListPage.java:33)
at com.actitime.pom.TaskListPage.getNewCustOption(TaskListPage.java:33)
at com.actitime.pom.TaskListPage.getNewCustOption(TaskListPage.java:33)
at com.actitime.pom.TaskListPage.getNewCustOption(TaskListPage.java:33)
at com.actitime.pom.TaskListPage.getNewCustOption(TaskListPage.java:33)
at com.actitime.pom.TaskListPage.getNewCustOption(TaskListPage.java:33)
at com.actitime.pom.TaskListPage.getNewCustOption(TaskListPage.java:33)
at com.actitime.pom.TaskListPage.getNewCustOption(TaskListPage.java:33)
at com.actitime.pom.TaskListPage.getNewCustOption(TaskListPage.java:33)
at com.actitime.pom.TaskListPage.getNewCustOption(TaskListPage.java:33)
at com.actitime.pom.TaskListPage.getNewCustOption(TaskListPage.java:33)
at com.actitime.pom.TaskListPage.getNewCustOption(TaskListPage.java:33)
at com.actitime.pom.TaskListPage.getNewCustOption(TaskListPage.java:33)
at com.actitime.pom.TaskListPage.getNewCustOption(TaskListPage.java:33)
at com.actitime.pom.TaskListPage.getNewCustOption(TaskListPage.java:33)
at com.actitime.pom.TaskListPage.getNewCustOption(TaskListPage.java:33)
at com.actitime.pom.TaskListPage.getNewCustOption(TaskListPage.java:33)
at com.actitime.pom.TaskListPage.getNewCustOption(TaskListPage.java:33)
at com.actitime.pom.TaskListPage.getNewCustOption(TaskListPage.java:33)
at com.actitime.pom.TaskListPage.getNewCustOption(TaskListPage.java:33)
at com.actitime.pom.TaskListPage.getNewCustOption(TaskListPage.java:33)
at com.actitime.pom.TaskListPage.getNewCustOption(TaskListPage.java:33)
at com.actitime.pom.TaskListPage.getNewCustOption(TaskListPage.java:33)
at com.actitime.pom.TaskListPage.getNewCustOption(TaskListPage.java:33)
at com.actitime.pom.TaskListPage.getNewCustOption(TaskListPage.java:33)
at com.actitime.pom.TaskListPage.getNewCustOption(TaskListPage.java:33)
at com.actitime.pom.TaskListPage.getNewCustOption(TaskListPage.java:33)
at com.actitime.pom.TaskListPage.getNewCustOption(TaskListPage.java:33)
at com.actitime.pom.TaskListPage.getNewCustOption(TaskListPage.java:33)
at com.actitime.pom.TaskListPage.getNewCustOption(TaskListPage.java:33)
at com.actitime.pom.TaskListPage.getNewCustOption(TaskListPage.java:33)
at com.actitime.pom.TaskListPage.getNewCustOption(TaskListPage.java:33)
at com.actitime.pom.TaskListPage.getNewCustOption(TaskListPage.java:33)
at com.actitime.pom.TaskListPage.getNewCustOption(TaskListPage.java:33)
at com.actitime.pom.TaskListPage.getNewCustOption(TaskListPage.java:33)
at com.actitime.pom.TaskListPage.getNewCustOption(TaskListPage.java:33)
at com.actitime.pom.TaskListPage.getNewCustOption(TaskListPage.java:33)
at com.actitime.pom.TaskListPage.getNewCustOption(TaskListPage.java:33)
at com.actitime.pom.TaskListPage.getNewCustOption(TaskListPage.java:33)
at com.actitime.pom.TaskListPage.getNewCustOption(TaskListPage.java:33)
at com.actitime.pom.TaskListPage.getNewCustOption(TaskListPage.java:33)
at com.actitime.pom.TaskListPage.getNewCustOption(TaskListPage.java:33)
at com.actitime.pom.TaskListPage.getNewCustOption(TaskListPage.java:33)
at com.actitime.pom.TaskListPage.getNewCustOption(TaskListPage.java:33)
at com.actitime.pom.TaskListPage.getNewCustOption(TaskListPage.java:33)
at com.actitime.pom.TaskListPage.getNewCustOption(TaskListPage.java:33)
at com.actitime.pom.TaskListPage.getNewCustOption(TaskListPage.java:33)
at com.actitime.pom.TaskListPage.getNewCustOption(TaskListPage.java:33)
at com.actitime.pom.TaskListPage.getNewCustOption(TaskListPage.java:33)
at com.actitime.pom.TaskListPage.getNewCustOption(TaskListPage.java:33)
at com.actitime.pom.TaskListPage.getNewCustOption(TaskListPage.java:33)
at com.actitime.pom.TaskListPage.getNewCustOption(TaskListPage.java:33)
at com.actitime.pom.TaskListPage.getNewCustOption(TaskListPage.java:33)
at com.actitime.pom.TaskListPage.getNewCustOption(TaskListPage.java:33)
at com.actitime.pom.TaskListPage.getNewCustOption(TaskListPage.java:33)
at com.actitime.pom.TaskListPage.getNewCustOption(TaskListPage.java:33)
at com.actitime.pom.TaskListPage.getNewCustOption(TaskListPage.java:33)
at com.actitime.pom.TaskListPage.getNewCustOption(TaskListPage.java:33)
at com.actitime.pom.TaskListPage.getNewCustOption(TaskListPage.java:33)
at com.actitime.pom.TaskListPage.getNewCustOption(TaskListPage.java:33)
at com.actitime.pom.TaskListPage.getNewCustOption(TaskListPage.java:33)
at com.actitime.pom.TaskListPage.getNewCustOption(TaskListPage.java:33)
at com.actitime.pom.TaskListPage.getNewCustOption(TaskListPage.java:33)
at com.actitime.pom.TaskListPage.getNewCustOption(TaskListPage.java:33)
at com.actitime.pom.TaskListPage.getNewCustOption(TaskListPage.java:33)
at com.actitime.pom.TaskListPage.getNewCustOption(TaskListPage.java:33)
at com.actitime.pom.TaskListPage.getNewCustOption(TaskListPage.java:33)
at com.actitime.pom.TaskListPage.getNewCustOption(TaskListPage.java:33)
at com.actitime.pom.TaskListPage.getNewCustOption(TaskListPage.java:33)
at com.actitime.pom.TaskListPage.getNewCustOption(TaskListPage.java:33)
at com.actitime.pom.TaskListPage.getNewCustOption(TaskListPage.java:33)
at com.actitime.pom.TaskListPage.getNewCustOption(TaskListPage.java:33)
at com.actitime.pom.TaskListPage.getNewCustOption(TaskListPage.java:33)
at com.actitime.pom.TaskListPage.getNewCustOption(TaskListPage.java:33)
at com.actitime.pom.TaskListPage.getNewCustOption(TaskListPage.java:33)
at com.actitime.pom.TaskListPage.getNewCustOption(TaskListPage.java:33)
at com.actitime.pom.TaskListPage.getNewCustOption(TaskListPage.java:33)
at com.actitime.pom.TaskListPage.getNewCustOption(TaskListPage.java:33)
at com.actitime.pom.TaskListPage.getNewCustOption(TaskListPage.java:33)
at com.actitime.pom.TaskListPage.getNewCustOption(TaskListPage.java:33)
at com.actitime.pom.TaskListPage.getNewCustOption(TaskListPage.java:33)
at com.actitime.pom.TaskListPage.getNewCustOption(TaskListPage.java:33)
at com.actitime.pom.TaskListPage.getNewCustOption(TaskListPage.java:33)
at com.actitime.pom.TaskListPage.getNewCustOption(TaskListPage.java:33)
at com.actitime.pom.TaskListPage.getNewCustOption(TaskListPage.java:33)
at com.actitime.pom.TaskListPage.getNewCustOption(TaskListPage.java:33)
at com.actitime.pom.TaskListPage.getNewCustOption(TaskListPage.java:33)
at com.actitime.pom.TaskListPage.getNewCustOption(TaskListPage.java:33)
at com.actitime.pom.TaskListPage.getNewCustOption(TaskListPage.java:33)
at com.actitime.pom.TaskListPage.getNewCustOption(TaskListPage.java:33)
at com.actitime.pom.TaskListPage.getNewCustOption(TaskListPage.java:33)
at com.actitime.pom.TaskListPage.getNewCustOption(TaskListPage.java:33)
at com.actitime.pom.TaskListPage.getNewCustOption(TaskListPage.java:33)
at com.actitime.pom.TaskListPage.getNewCustOption(TaskListPage.java:33)
at com.actitime.pom.TaskListPage.getNewCustOption(TaskListPage.java:33)
at com.actitime.pom.TaskListPage.getNewCustOption(TaskListPage.java:33)
at com.actitime.pom.TaskListPage.getNewCustOption(TaskListPage.java:33)
at com.actitime.pom.TaskListPage.getNewCustOption(TaskListPage.java:33)
at com.actitime.pom.TaskListPage.getNewCustOption(TaskListPage.java:33)
at com.actitime.pom.TaskListPage.getNewCustOption(TaskListPage.java:33)
at com.actitime.pom.TaskListPage.getNewCustOption(TaskListPage.java:33)
at com.actitime.pom.TaskListPage.getNewCustOption(TaskListPage.java:33)
at com.actitime.pom.TaskListPage.getNewCustOption(TaskListPage.java:33)
at com.actitime.pom.TaskListPage.getNewCustOption(TaskListPage.java:33)
at com.actitime.pom.TaskListPage.getNewCustOption(TaskListPage.java:33)
at com.actitime.pom.TaskListPage.getNewCustOption(TaskListPage.java:33)
at com.actitime.pom.TaskListPage.getNewCustOption(TaskListPage.java:33)
at com.actitime.pom.TaskListPage.getNewCustOption(TaskListPage.java:33)
at com.actitime.pom.TaskListPage.getNewCustOption(TaskListPage.java:33)
at com.actitime.pom.TaskListPage.getNewCustOption(TaskListPage.java:33)
at com.actitime.pom.TaskListPage.getNewCustOption(TaskListPage.java:33)
at com.actitime.pom.TaskListPage.getNewCustOption(TaskListPage.java:33)
at com.actitime.pom.TaskListPage.getNewCustOption(TaskListPage.java:33)
at com.actitime.pom.TaskListPage.getNewCustOption(TaskListPage.java:33)
at com.actitime.pom.TaskListPage.getNewCustOption(TaskListPage.java:33)
at com.actitime.pom.TaskListPage.getNewCustOption(TaskListPage.java:33)
at com.actitime.pom.TaskListPage.getNewCustOption(TaskListPage.java:33)
at com.actitime.pom.TaskListPage.getNewCustOption(TaskListPage.java:33)
at com.actitime.pom.TaskListPage.getNewCustOption(TaskListPage.java:33)
at com.actitime.pom.TaskListPage.getNewCustOption(TaskListPage.java:33)
at com.actitime.pom.TaskListPage.getNewCustOption(TaskListPage.java:33)
at com.actitime.pom.TaskListPage.getNewCustOption(TaskListPage.java:33)
at com.actitime.pom.TaskListPage.getNewCustOption(TaskListPage.java:33)
at com.actitime.pom.TaskListPage.getNewCustOption(TaskListPage.java:33)
at com.actitime.pom.TaskListPage.getNewCustOption(TaskListPage.java:33)
at com.actitime.pom.TaskListPage.getNewCustOption(TaskListPage.java:33)
at com.actitime.pom.TaskListPage.getNewCustOption(TaskListPage.java:33)
at com.actitime.pom.TaskListPage.getNewCustOption(TaskListPage.java:33)
at com.actitime.pom.TaskListPage.getNewCustOption(TaskListPage.java:33)
at com.actitime.pom.TaskListPage.getNewCustOption(TaskListPage.java:33)
at com.actitime.pom.TaskListPage.getNewCustOption(TaskListPage.java:33)
at com.actitime.pom.TaskListPage.getNewCustOption(TaskListPage.java:33)
at com.actitime.pom.TaskListPage.getNewCustOption(TaskListPage.java:33)
at com.actitime.pom.TaskListPage.getNewCustOption(TaskListPage.java:33)
at com.actitime.pom.TaskListPage.getNewCustOption(TaskListPage.java:33)
at com.actitime.pom.TaskListPage.getNewCustOption(TaskListPage.java:33)
at com.actitime.pom.TaskListPage.getNewCustOption(TaskListPage.java:33)
at com.actitime.pom.TaskListPage.getNewCustOption(TaskListPage.java:33)
at com.actitime.pom.TaskListPage.getNewCustOption(TaskListPage.java:33)
at com.actitime.pom.TaskListPage.getNewCustOption(TaskListPage.java:33)
at com.actitime.pom.TaskListPage.getNewCustOption(TaskListPage.java:33)
at com.actitime.pom.TaskListPage.getNewCustOption(TaskListPage.java:33)
at com.actitime.pom.TaskListPage.getNewCustOption(TaskListPage.java:33)
at com.actitime.pom.TaskListPage.getNewCustOption(TaskListPage.java:33)
at com.actitime.pom.TaskListPage.getNewCustOption(TaskListPage.java:33)
at com.actitime.pom.TaskListPage.getNewCustOption(TaskListPage.java:33)
at com.actitime.pom.TaskListPage.getNewCustOption(TaskListPage.java:33)
at com.actitime.pom.TaskListPage.getNewCustOption(TaskListPage.java:33)
at com.actitime.pom.TaskListPage.getNewCustOption(TaskListPage.java:33)
at com.actitime.pom.TaskListPage.getNewCustOption(TaskListPage.java:33)
at com.actitime.pom.TaskListPage.getNewCustOption(TaskListPage.java:33)
at com.actitime.pom.TaskListPage.getNewCustOption(TaskListPage.java:33)
at com.actitime.pom.TaskListPage.getNewCustOption(TaskListPage.java:33)
at com.actitime.pom.TaskListPage.getNewCustOption(TaskListPage.java:33)
at com.actitime.pom.TaskListPage.getNewCustOption(TaskListPage.java:33)
at com.actitime.pom.TaskListPage.getNewCustOption(TaskListPage.java:33)
at com.actitime.pom.TaskListPage.getNewCustOption(TaskListPage.java:33)
at com.actitime.pom.TaskListPage.getNewCustOption(TaskListPage.java:33)
at com.actitime.pom.TaskListPage.getNewCustOption(TaskListPage.java:33)
at com.actitime.pom.TaskListPage.getNewCustOption(TaskListPage.java:33)
at com.actitime.pom.TaskListPage.getNewCustOption(TaskListPage.java:33)
at com.actitime.pom.TaskListPage.getNewCustOption(TaskListPage.java:33)
at com.actitime.pom.TaskListPage.getNewCustOption(TaskListPage.java:33)
at com.actitime.pom.TaskListPage.getNewCustOption(TaskListPage.java:33)
at com.actitime.pom.TaskListPage.getNewCustOption(TaskListPage.java:33)
at com.actitime.pom.TaskListPage.getNewCustOption(TaskListPage.java:33)
at com.actitime.pom.TaskListPage.getNewCustOption(TaskListPage.java:33)
at com.actitime.pom.TaskListPage.getNewCustOption(TaskListPage.java:33)
at com.actitime.pom.TaskListPage.getNewCustOption(TaskListPage.java:33)
at com.actitime.pom.TaskListPage.getNewCustOption(TaskListPage.java:33)
at com.actitime.pom.TaskListPage.getNewCustOption(TaskListPage.java:33)
at com.actitime.pom.TaskListPage.getNewCustOption(TaskListPage.java:33)
at com.actitime.pom.TaskListPage.getNewCustOption(TaskListPage.java:33)
at com.actitime.pom.TaskListPage.getNewCustOption(TaskListPage.java:33)
at com.actitime.pom.TaskListPage.getNewCustOption(TaskListPage.java:33)
at com.actitime.pom.TaskListPage.getNewCustOption(TaskListPage.java:33)
at com.actitime.pom.TaskListPage.getNewCustOption(TaskListPage.java:33)
at com.actitime.pom.TaskListPage.getNewCustOption(TaskListPage.java:33)
at com.actitime.pom.TaskListPage.getNewCustOption(TaskListPage.java:33)
at com.actitime.pom.TaskListPage.getNewCustOption(TaskListPage.java:33)
at com.actitime.pom.TaskListPage.getNewCustOption(TaskListPage.java:33)
at com.actitime.pom.TaskListPage.getNewCustOption(TaskListPage.java:33)
at com.actitime.pom.TaskListPage.getNewCustOption(TaskListPage.java:33)
at com.actitime.pom.TaskListPage.getNewCustOption(TaskListPage.java:33)
at com.actitime.pom.TaskListPage.getNewCustOption(TaskListPage.java:33)
at com.actitime.pom.TaskListPage.getNewCustOption(TaskListPage.java:33)
at com.actitime.pom.TaskListPage.getNewCustOption(TaskListPage.java:33)
at com.actitime.pom.TaskListPage.getNewCustOption(TaskListPage.java:33)
at com.actitime.pom.TaskListPage.getNewCustOption(TaskListPage.java:33)
at com.actitime.pom.TaskListPage.getNewCustOption(TaskListPage.java:33)
at com.actitime.pom.TaskListPage.getNewCustOption(TaskListPage.java:33)
at com.actitime.pom.TaskListPage.getNewCustOption(TaskListPage.java:33)
at com.actitime.pom.TaskListPage.getNewCustOption(TaskListPage.java:33)
at com.actitime.pom.TaskListPage.getNewCustOption(TaskListPage.java:33)
at com.actitime.pom.TaskListPage.getNewCustOption(TaskListPage.java:33)
at com.actitime.pom.TaskListPage.getNewCustOption(TaskListPage.java:33)
at com.actitime.pom.TaskListPage.getNewCustOption(TaskListPage.java:33)
at com.actitime.pom.TaskListPage.getNewCustOption(TaskListPage.java:33)
at com.actitime.pom.TaskListPage.getNewCustOption(TaskListPage.java:33)
at com.actitime.pom.TaskListPage.getNewCustOption(TaskListPage.java:33)
at com.actitime.pom.TaskListPage.getNewCustOption(TaskListPage.java:33)
at com.actitime.pom.TaskListPage.getNewCustOption(TaskListPage.java:33)
at com.actitime.pom.TaskListPage.getNewCustOption(TaskListPage.java:33)
at com.actitime.pom.TaskListPage.getNewCustOption(TaskListPage.java:33)
at com.actitime.pom.TaskListPage.getNewCustOption(TaskListPage.java:33)
at com.actitime.pom.TaskListPage.getNewCustOption(TaskListPage.java:33)
at com.actitime.pom.TaskListPage.getNewCustOption(TaskListPage.java:33)
at com.actitime.pom.TaskListPage.getNewCustOption(TaskListPage.java:33)
at com.actitime.pom.TaskListPage.getNewCustOption(TaskListPage.java:33)
at com.actitime.pom.TaskListPage.getNewCustOption(TaskListPage.java:33)
at com.actitime.pom.TaskListPage.getNewCustOption(TaskListPage.java:33)
at com.actitime.pom.TaskListPage.getNewCustOption(TaskListPage.java:33)
at com.actitime.pom.TaskListPage.getNewCustOption(TaskListPage.java:33)
at com.actitime.pom.TaskListPage.getNewCustOption(TaskListPage.java:33)
at com.actitime.pom.TaskListPage.getNewCustOption(TaskListPage.java:33)
at com.actitime.pom.TaskListPage.getNewCustOption(TaskListPage.java:33)
at com.actitime.pom.TaskListPage.getNewCustOption(TaskListPage.java:33)
at com.actitime.pom.TaskListPage.getNewCustOption(TaskListPage.java:33)
at com.actitime.pom.TaskListPage.getNewCustOption(TaskListPage.java:33)
at com.actitime.pom.TaskListPage.getNewCustOption(TaskListPage.java:33)
at com.actitime.pom.TaskListPage.getNewCustOption(TaskListPage.java:33)
at com.actitime.pom.TaskListPage.getNewCustOption(TaskListPage.java:33)
at com.actitime.pom.TaskListPage.getNewCustOption(TaskListPage.java:33)
at com.actitime.pom.TaskListPage.getNewCustOption(TaskListPage.java:33)
at com.actitime.pom.TaskListPage.getNewCustOption(TaskListPage.java:33)
at com.actitime.pom.TaskListPage.getNewCustOption(TaskListPage.java:33)
at com.actitime.pom.TaskListPage.getNewCustOption(TaskListPage.java:33)
at com.actitime.pom.TaskListPage.getNewCustOption(TaskListPage.java:33)
at com.actitime.pom.TaskListPage.getNewCustOption(TaskListPage.java:33)
at com.actitime.pom.TaskListPage.getNewCustOption(TaskListPage.java:33)
at com.actitime.pom.TaskListPage.getNewCustOption(TaskListPage.java:33)
at com.actitime.pom.TaskListPage.getNewCustOption(TaskListPage.java:33)
at com.actitime.pom.TaskListPage.getNewCustOption(TaskListPage.java:33)
at com.actitime.pom.TaskListPage.getNewCustOption(TaskListPage.java:33)
at com.actitime.pom.TaskListPage.getNewCustOption(TaskListPage.java:33)
at com.actitime.pom.TaskListPage.getNewCustOption(TaskListPage.java:33)
at com.actitime.pom.TaskListPage.getNewCustOption(TaskListPage.java:33)
at com.actitime.pom.TaskListPage.getNewCustOption(TaskListPage.java:33)
at com.actitime.pom.TaskListPage.getNewCustOption(TaskListPage.java:33)
at com.actitime.pom.TaskListPage.getNewCustOption(TaskListPage.java:33)
at com.actitime.pom.TaskListPage.getNewCustOption(TaskListPage.java:33)
at com.actitime.pom.TaskListPage.getNewCustOption(TaskListPage.java:33)
at com.actitime.pom.TaskListPage.getNewCustOption(TaskListPage.java:33)
at com.actitime.pom.TaskListPage.getNewCustOption(TaskListPage.java:33)
at com.actitime.pom.TaskListPage.getNewCustOption(TaskListPage.java:33)
at com.actitime.pom.TaskListPage.getNewCustOption(TaskListPage.java:33)
at com.actitime.pom.TaskListPage.getNewCustOption(TaskListPage.java:33)
at com.actitime.pom.TaskListPage.getNewCustOption(TaskListPage.java:33)
at com.actitime.pom.TaskListPage.getNewCustOption(TaskListPage.java:33)
at com.actitime.pom.TaskListPage.getNewCustOption(TaskListPage.java:33)
at com.actitime.pom.TaskListPage.getNewCustOption(TaskListPage.java:33)
at com.actitime.pom.TaskListPage.getNewCustOption(TaskListPage.java:33)
at com.actitime.pom.TaskListPage.getNewCustOption(TaskListPage.java:33)
at com.actitime.pom.TaskListPage.getNewCustOption(TaskListPage.java:33)
at com.actitime.pom.TaskListPage.getNewCustOption(TaskListPage.java:33)
at com.actitime.pom.TaskListPage.getNewCustOption(TaskListPage.java:33)
at com.actitime.pom.TaskListPage.getNewCustOption(TaskListPage.java:33)
at com.actitime.pom.TaskListPage.getNewCustOption(TaskListPage.java:33)
at com.actitime.pom.TaskListPage.getNewCustOption(TaskListPage.java:33)
at com.actitime.pom.TaskListPage.getNewCustOption(TaskListPage.java:33)
at com.actitime.pom.TaskListPage.getNewCustOption(TaskListPage.java:33)
at com.actitime.pom.TaskListPage.getNewCustOption(TaskListPage.java:33)
at com.actitime.pom.TaskListPage.getNewCustOption(TaskListPage.java:33)
at com.actitime.pom.TaskListPage.getNewCustOption(TaskListPage.java:33)
at com.actitime.pom.TaskListPage.getNewCustOption(TaskListPage.java:33)
at com.actitime.pom.TaskListPage.getNewCustOption(TaskListPage.java:33)
at com.actitime.pom.TaskListPage.getNewCustOption(TaskListPage.java:33)
at com.actitime.pom.TaskListPage.getNewCustOption(TaskListPage.java:33)
at com.actitime.pom.TaskListPage.getNewCustOption(TaskListPage.java:33)
at com.actitime.pom.TaskListPage.getNewCustOption(TaskListPage.java:33)
at com.actitime.pom.TaskListPage.getNewCustOption(TaskListPage.java:33)
at com.actitime.pom.TaskListPage.getNewCustOption(TaskListPage.java:33)
at com.actitime.pom.TaskListPage.getNewCustOption(TaskListPage.java:33)
at com.actitime.pom.TaskListPage.getNewCustOption(TaskListPage.java:33)
at com.actitime.pom.TaskListPage.getNewCustOption(TaskListPage.java:33)
at com.actitime.pom.TaskListPage.getNewCustOption(TaskListPage.java:33)
at com.actitime.pom.TaskListPage.getNewCustOption(TaskListPage.java:33)
at com.actitime.pom.TaskListPage.getNewCustOption(TaskListPage.java:33)
at com.actitime.pom.TaskListPage.getNewCustOption(TaskListPage.java:33)
at com.actitime.pom.TaskListPage.getNewCustOption(TaskListPage.java:33)
at com.actitime.pom.TaskListPage.getNewCustOption(TaskListPage.java:33)
at com.actitime.pom.TaskListPage.getNewCustOption(TaskListPage.java:33)
at com.actitime.pom.TaskListPage.getNewCustOption(TaskListPage.java:33)
at com.actitime.pom.TaskListPage.getNewCustOption(TaskListPage.java:33)
at com.actitime.pom.TaskListPage.getNewCustOption(TaskListPage.java:33)
at com.actitime.pom.TaskListPage.getNewCustOption(TaskListPage.java:33)
at com.actitime.pom.TaskListPage.getNewCustOption(TaskListPage.java:33)
at com.actitime.pom.TaskListPage.getNewCustOption(TaskListPage.java:33)
at com.actitime.pom.TaskListPage.getNewCustOption(TaskListPage.java:33)
at com.actitime.pom.TaskListPage.getNewCustOption(TaskListPage.java:33)
at com.actitime.pom.TaskListPage.getNewCustOption(TaskListPage.java:33)
at com.actitime.pom.TaskListPage.getNewCustOption(TaskListPage.java:33)
at com.actitime.pom.TaskListPage.getNewCustOption(TaskListPage.java:33)
at com.actitime.pom.TaskListPage.getNewCustOption(TaskListPage.java:33)
at com.actitime.pom.TaskListPage.getNewCustOption(TaskListPage.java:33)
at com.actitime.pom.TaskListPage.getNewCustOption(TaskListPage.java:33)
at com.actitime.pom.TaskListPage.getNewCustOption(TaskListPage.java:33)
at com.actitime.pom.TaskListPage.getNewCustOption(TaskListPage.java:33)
at com.actitime.pom.TaskListPage.getNewCustOption(TaskListPage.java:33)
at com.actitime.pom.TaskListPage.getNewCustOption(TaskListPage.java:33)
at com.actitime.pom.TaskListPage.getNewCustOption(TaskListPage.java:33)
at com.actitime.pom.TaskListPage.getNewCustOption(TaskListPage.java:33)
at com.actitime.pom.TaskListPage.getNewCustOption(TaskListPage.java:33)
at com.actitime.pom.TaskListPage.getNewCustOption(TaskListPage.java:33)
at com.actitime.pom.TaskListPage.getNewCustOption(TaskListPage.java:33)
at com.actitime.pom.TaskListPage.getNewCustOption(TaskListPage.java:33)
at com.actitime.pom.TaskListPage.getNewCustOption(TaskListPage.java:33)
at com.actitime.pom.TaskListPage.getNewCustOption(TaskListPage.java:33)
at com.actitime.pom.TaskListPage.getNewCustOption(TaskListPage.java:33)
at com.actitime.pom.TaskListPage.getNewCustOption(TaskListPage.java:33)
at com.actitime.pom.TaskListPage.getNewCustOption(TaskListPage.java:33)
at com.actitime.pom.TaskListPage.getNewCustOption(TaskListPage.java:33)
at com.actitime.pom.TaskListPage.getNewCustOption(TaskListPage.java:33)
at com.actitime.pom.TaskListPage.getNewCustOption(TaskListPage.java:33)
at com.actitime.pom.TaskListPage.getNewCustOption(TaskListPage.java:33)
at com.actitime.pom.TaskListPage.getNewCustOption(TaskListPage.java:33)
at com.actitime.pom.TaskListPage.getNewCustOption(TaskListPage.java:33)
at com.actitime.pom.TaskListPage.getNewCustOption(TaskListPage.java:33)
at com.actitime.pom.TaskListPage.getNewCustOption(TaskListPage.java:33)
at com.actitime.pom.TaskListPage.getNewCustOption(TaskListPage.java:33)
at com.actitime.pom.TaskListPage.getNewCustOption(TaskListPage.java:33)
at com.actitime.pom.TaskListPage.getNewCustOption(TaskListPage.java:33)
at com.actitime.pom.TaskListPage.getNewCustOption(TaskListPage.java:33)
at com.actitime.pom.TaskListPage.getNewCustOption(TaskListPage.java:33)
at com.actitime.pom.TaskListPage.getNewCustOption(TaskListPage.java:33)
at com.actitime.pom.TaskListPage.getNewCustOption(TaskListPage.java:33)
at com.actitime.pom.TaskListPage.getNewCustOption(TaskListPage.java:33)
at com.actitime.pom.TaskListPage.getNewCustOption(TaskListPage.java:33)
at com.actitime.pom.TaskListPage.getNewCustOption(TaskListPage.java:33)
at com.actitime.pom.TaskListPage.getNewCustOption(TaskListPage.java:33)
at com.actitime.pom.TaskListPage.getNewCustOption(TaskListPage.java:33)
at com.actitime.pom.TaskListPage.getNewCustOption(TaskListPage.java:33)
at com.actitime.pom.TaskListPage.getNewCustOption(TaskListPage.java:33)
at com.actitime.pom.TaskListPage.getNewCustOption(TaskListPage.java:33)
at com.actitime.pom.TaskListPage.getNewCustOption(TaskListPage.java:33)
at com.actitime.pom.TaskListPage.getNewCustOption(TaskListPage.java:33)
at com.actitime.pom.TaskListPage.getNewCustOption(TaskListPage.java:33)
at com.actitime.pom.TaskListPage.getNewCustOption(TaskListPage.java:33)
at com.actitime.pom.TaskListPage.getNewCustOption(TaskListPage.java:33)
at com.actitime.pom.TaskListPage.getNewCustOption(TaskListPage.java:33)
at com.actitime.pom.TaskListPage.getNewCustOption(TaskListPage.java:33)
at com.actitime.pom.TaskListPage.getNewCustOption(TaskListPage.java:33)
at com.actitime.pom.TaskListPage.getNewCustOption(TaskListPage.java:33)
at com.actitime.pom.TaskListPage.getNewCustOption(TaskListPage.java:33)
at com.actitime.pom.TaskListPage.getNewCustOption(TaskListPage.java:33)
at com.actitime.pom.TaskListPage.getNewCustOption(TaskListPage.java:33)
at com.actitime.pom.TaskListPage.getNewCustOption(TaskListPage.java:33)
at com.actitime.pom.TaskListPage.getNewCustOption(TaskListPage.java:33)
at com.actitime.pom.TaskListPage.getNewCustOption(TaskListPage.java:33)
at com.actitime.pom.TaskListPage.getNewCustOption(TaskListPage.java:33)
at com.actitime.pom.TaskListPage.getNewCustOption(TaskListPage.java:33)
at com.actitime.pom.TaskListPage.getNewCustOption(TaskListPage.java:33)
at com.actitime.pom.TaskListPage.getNewCustOption(TaskListPage.java:33)
at com.actitime.pom.TaskListPage.getNewCustOption(TaskListPage.java:33)
at com.actitime.pom.TaskListPage.getNewCustOption(TaskListPage.java:33)
at com.actitime.pom.TaskListPage.getNewCustOption(TaskListPage.java:33)
at com.actitime.pom.TaskListPage.getNewCustOption(TaskListPage.java:33)
at com.actitime.pom.TaskListPage.getNewCustOption(TaskListPage.java:33)
at com.actitime.pom.TaskListPage.getNewCustOption(TaskListPage.java:33)
at com.actitime.pom.TaskListPage.getNewCustOption(TaskListPage.java:33)
at com.actitime.pom.TaskListPage.getNewCustOption(TaskListPage.java:33)
at com.actitime.pom.TaskListPage.getNewCustOption(TaskListPage.java:33)
at com.actitime.pom.TaskListPage.getNewCustOption(TaskListPage.java:33)
at com.actitime.pom.TaskListPage.getNewCustOption(TaskListPage.java:33)
at com.actitime.pom.TaskListPage.getNewCustOption(TaskListPage.java:33)
at com.actitime.pom.TaskListPage.getNewCustOption(TaskListPage.java:33)
at com.actitime.pom.TaskListPage.getNewCustOption(TaskListPage.java:33)
at com.actitime.pom.TaskListPage.getNewCustOption(TaskListPage.java:33)
at com.actitime.pom.TaskListPage.getNewCustOption(TaskListPage.java:33)
at com.actitime.pom.TaskListPage.getNewCustOption(TaskListPage.java:33)
at com.actitime.pom.TaskListPage.getNewCustOption(TaskListPage.java:33)
at com.actitime.pom.TaskListPage.getNewCustOption(TaskListPage.java:33)
at com.actitime.pom.TaskListPage.getNewCustOption(TaskListPage.java:33)
at com.actitime.pom.TaskListPage.getNewCustOption(TaskListPage.java:33)
at com.actitime.pom.TaskListPage.getNewCustOption(TaskListPage.java:33)
at com.actitime.pom.TaskListPage.getNewCustOption(TaskListPage.java:33)
at com.actitime.pom.TaskListPage.getNewCustOption(TaskListPage.java:33)
at com.actitime.pom.TaskListPage.getNewCustOption(TaskListPage.java:33)
at com.actitime.pom.TaskListPage.getNewCustOption(TaskListPage.java:33)
at com.actitime.pom.TaskListPage.getNewCustOption(TaskListPage.java:33)
at com.actitime.pom.TaskListPage.getNewCustOption(TaskListPage.java:33)
at com.actitime.pom.TaskListPage.getNewCustOption(TaskListPage.java:33)
at com.actitime.pom.TaskListPage.getNewCustOption(TaskListPage.java:33)
at com.actitime.pom.TaskListPage.getNewCustOption(TaskListPage.java:33)
at com.actitime.pom.TaskListPage.getNewCustOption(TaskListPage.java:33)
at com.actitime.pom.TaskListPage.getNewCustOption(TaskListPage.java:33)
at com.actitime.pom.TaskListPage.getNewCustOption(TaskListPage.java:33)
at com.actitime.pom.TaskListPage.getNewCustOption(TaskListPage.java:33)
at com.actitime.pom.TaskListPage.getNewCustOption(TaskListPage.java:33)
at com.actitime.pom.TaskListPage.getNewCustOption(TaskListPage.java:33)
at com.actitime.pom.TaskListPage.getNewCustOption(TaskListPage.java:33)
at com.actitime.pom.TaskListPage.getNewCustOption(TaskListPage.java:33)
at com.actitime.pom.TaskListPage.getNewCustOption(TaskListPage.java:33)
at com.actitime.pom.TaskListPage.getNewCustOption(TaskListPage.java:33)
at com.actitime.pom.TaskListPage.getNewCustOption(TaskListPage.java:33)
at com.actitime.pom.TaskListPage.getNewCustOption(TaskListPage.java:33)
at com.actitime.pom.TaskListPage.getNewCustOption(TaskListPage.java:33)
at com.actitime.pom.TaskListPage.getNewCustOption(TaskListPage.java:33)
at com.actitime.pom.TaskListPage.getNewCustOption(TaskListPage.java:33)
at com.actitime.pom.TaskListPage.getNewCustOption(TaskListPage.java:33)
at com.actitime.pom.TaskListPage.getNewCustOption(TaskListPage.java:33)
at com.actitime.pom.TaskListPage.getNewCustOption(TaskListPage.java:33)
at com.actitime.pom.TaskListPage.getNewCustOption(TaskListPage.java:33)
at com.actitime.pom.TaskListPage.getNewCustOption(TaskListPage.java:33)
at com.actitime.pom.TaskListPage.getNewCustOption(TaskListPage.java:33)
at com.actitime.pom.TaskListPage.getNewCustOption(TaskListPage.java:33)
at com.actitime.pom.TaskListPage.getNewCustOption(TaskListPage.java:33)
at com.actitime.pom.TaskListPage.getNewCustOption(TaskListPage.java:33)
at com.actitime.pom.TaskListPage.getNewCustOption(TaskListPage.java:33)
at com.actitime.pom.TaskListPage.getNewCustOption(TaskListPage.java:33)
at com.actitime.pom.TaskListPage.getNewCustOption(TaskListPage.java:33)
at com.actitime.pom.TaskListPage.getNewCustOption(TaskListPage.java:33)
at com.actitime.pom.TaskListPage.getNewCustOption(TaskListPage.java:33)
at com.actitime.pom.TaskListPage.getNewCustOption(TaskListPage.java:33)
at com.actitime.pom.TaskListPage.getNewCustOption(TaskListPage.java:33)
at com.actitime.pom.TaskListPage.getNewCustOption(TaskListPage.java:33)
at com.actitime.pom.TaskListPage.getNewCustOption(TaskListPage.java:33)
at com.actitime.pom.TaskListPage.getNewCustOption(TaskListPage.java:33)
at com.actitime.pom.TaskListPage.getNewCustOption(TaskListPage.java:33)
at com.actitime.pom.TaskListPage.getNewCustOption(TaskListPage.java:33)
at com.actitime.pom.TaskListPage.getNewCustOption(TaskListPage.java:33)
at com.actitime.pom.TaskListPage.getNewCustOption(TaskListPage.java:33)
at com.actitime.pom.TaskListPage.getNewCustOption(TaskListPage.java:33)
at com.actitime.pom.TaskListPage.getNewCustOption(TaskListPage.java:33)
at com.actitime.pom.TaskListPage.getNewCustOption(TaskListPage.java:33)
at com.actitime.pom.TaskListPage.getNewCustOption(TaskListPage.java:33)
at com.actitime.pom.TaskListPage.getNewCustOption(TaskListPage.java:33)
at com.actitime.pom.TaskListPage.getNewCustOption(TaskListPage.java:33)
at com.actitime.pom.TaskListPage.getNewCustOption(TaskListPage.java:33)
at com.actitime.pom.TaskListPage.getNewCustOption(TaskListPage.java:33)
at com.actitime.pom.TaskListPage.getNewCustOption(TaskListPage.java:33)
at com.actitime.pom.TaskListPage.getNewCustOption(TaskListPage.java:33)
at com.actitime.pom.TaskListPage.getNewCustOption(TaskListPage.java:33)
at com.actitime.pom.TaskListPage.getNewCustOption(TaskListPage.java:33)
at com.actitime.pom.TaskListPage.getNewCustOption(TaskListPage.java:33)
at com.actitime.pom.TaskListPage.getNewCustOption(TaskListPage.java:33)
at com.actitime.pom.TaskListPage.getNewCustOption(TaskListPage.java:33)
at com.actitime.pom.TaskListPage.getNewCustOption(TaskListPage.java:33)
at com.actitime.pom.TaskListPage.getNewCustOption(TaskListPage.java:33)
at com.actitime.pom.TaskListPage.getNewCustOption(TaskListPage.java:33)
at com.actitime.pom.TaskListPage.getNewCustOption(TaskListPage.java:33)
at com.actitime.pom.TaskListPage.getNewCustOption(TaskListPage.java:33)
at com.actitime.pom.TaskListPage.getNewCustOption(TaskListPage.java:33)
at com.actitime.pom.TaskListPage.getNewCustOption(TaskListPage.java:33)
at com.actitime.pom.TaskListPage.getNewCustOption(TaskListPage.java:33)
at com.actitime.pom.TaskListPage.getNewCustOption(TaskListPage.java:33)
at com.actitime.pom.TaskListPage.getNewCustOption(TaskListPage.java:33)
at com.actitime.pom.TaskListPage.getNewCustOption(TaskListPage.java:33)
at com.actitime.pom.TaskListPage.getNewCustOption(TaskListPage.java:33)
at com.actitime.pom.TaskListPage.getNewCustOption(TaskListPage.java:33)
at com.actitime.pom.TaskListPage.getNewCustOption(TaskListPage.java:33)
at com.actitime.pom.TaskListPage.getNewCustOption(TaskListPage.java:33)
at com.actitime.pom.TaskListPage.getNewCustOption(TaskListPage.java:33)
at com.actitime.pom.TaskListPage.getNewCustOption(TaskListPage.java:33)
at com.actitime.pom.TaskListPage.getNewCustOption(TaskListPage.java:33)
at com.actitime.pom.TaskListPage.getNewCustOption(TaskListPage.java:33)
at com.actitime.pom.TaskListPage.getNewCustOption(TaskListPage.java:33)
at com.actitime.pom.TaskListPage.getNewCustOption(TaskListPage.java:33)
at com.actitime.pom.TaskListPage.getNewCustOption(TaskListPage.java:33)
at com.actitime.pom.TaskListPage.getNewCustOption(TaskListPage.java:33)
at com.actitime.pom.TaskListPage.getNewCustOption(TaskListPage.java:33)
at com.actitime.pom.TaskListPage.getNewCustOption(TaskListPage.java:33)
at com.actitime.pom.TaskListPage.getNewCustOption(TaskListPage.java:33)
at com.actitime.pom.TaskListPage.getNewCustOption(TaskListPage.java:33)
at com.actitime.pom.TaskListPage.getNewCustOption(TaskListPage.java:33)
at com.actitime.pom.TaskListPage.getNewCustOption(TaskListPage.java:33)
at com.actitime.pom.TaskListPage.getNewCustOption(TaskListPage.java:33)
at com.actitime.pom.TaskListPage.getNewCustOption(TaskListPage.java:33)
at com.actitime.pom.TaskListPage.getNewCustOption(TaskListPage.java:33)
at com.actitime.pom.TaskListPage.getNewCustOption(TaskListPage.java:33)
at com.actitime.pom.TaskListPage.getNewCustOption(TaskListPage.java:33)
at com.actitime.pom.TaskListPage.getNewCustOption(TaskListPage.java:33)
at com.actitime.pom.TaskListPage.getNewCustOption(TaskListPage.java:33)
at com.actitime.pom.TaskListPage.getNewCustOption(TaskListPage.java:33)
at com.actitime.pom.TaskListPage.getNewCustOption(TaskListPage.java:33)
at com.actitime.pom.TaskListPage.getNewCustOption(TaskListPage.java:33)
at com.actitime.pom.TaskListPage.getNewCustOption(TaskListPage.java:33)
at com.actitime.pom.TaskListPage.getNewCustOption(TaskListPage.java:33)
at com.actitime.pom.TaskListPage.getNewCustOption(TaskListPage.java:33)
at com.actitime.pom.TaskListPage.getNewCustOption(TaskListPage.java:33)
at com.actitime.pom.TaskListPage.getNewCustOption(TaskListPage.java:33)
at com.actitime.pom.TaskListPage.getNewCustOption(TaskListPage.java:33)
at com.actitime.pom.TaskListPage.getNewCustOption(TaskListPage.java:33)
at com.actitime.pom.TaskListPage.getNewCustOption(TaskListPage.java:33)
at com.actitime.pom.TaskListPage.getNewCustOption(TaskListPage.java:33)
at com.actitime.pom.TaskListPage.getNewCustOption(TaskListPage.java:33)
at com.actitime.pom.TaskListPage.getNewCustOption(TaskListPage.java:33)
at com.actitime.pom.TaskListPage.getNewCustOption(TaskListPage.java:33)
at com.actitime.pom.TaskListPage.getNewCustOption(TaskListPage.java:33)
at com.actitime.pom.TaskListPage.getNewCustOption(TaskListPage.java:33)
at com.actitime.pom.TaskListPage.getNewCustOption(TaskListPage.java:33)
at com.actitime.pom.TaskListPage.getNewCustOption(TaskListPage.java:33)
at com.actitime.pom.TaskListPage.getNewCustOption(TaskListPage.java:33)
at com.actitime.pom.TaskListPage.getNewCustOption(TaskListPage.java:33)
at com.actitime.pom.TaskListPage.getNewCustOption(TaskListPage.java:33)
at com.actitime.pom.TaskListPage.getNewCustOption(TaskListPage.java:33)
at com.actitime.pom.TaskListPage.getNewCustOption(TaskListPage.java:33)
at com.actitime.pom.TaskListPage.getNewCustOption(TaskListPage.java:33)
at com.actitime.pom.TaskListPage.getNewCustOption(TaskListPage.java:33)
at com.actitime.pom.TaskListPage.getNewCustOption(TaskListPage.java:33)
at com.actitime.pom.TaskListPage.getNewCustOption(TaskListPage.java:33)
at com.actitime.pom.TaskListPage.getNewCustOption(TaskListPage.java:33)
at com.actitime.pom.TaskListPage.getNewCustOption(TaskListPage.java:33)
at com.actitime.pom.TaskListPage.getNewCustOption(TaskListPage.java:33)
at com.actitime.pom.TaskListPage.getNewCustOption(TaskListPage.java:33)
at com.actitime.pom.TaskListPage.getNewCustOption(TaskListPage.java:33)
at com.actitime.pom.TaskListPage.getNewCustOption(TaskListPage.java:33)
at com.actitime.pom.TaskListPage.getNewCustOption(TaskListPage.java:33)
at com.actitime.pom.TaskListPage.getNewCustOption(TaskListPage.java:33)
at com.actitime.pom.TaskListPage.getNewCustOption(TaskListPage.java:33)
at com.actitime.pom.TaskListPage.getNewCustOption(TaskListPage.java:33)
at com.actitime.pom.TaskListPage.getNewCustOption(TaskListPage.java:33)
at com.actitime.pom.TaskListPage.getNewCustOption(TaskListPage.java:33)
at com.actitime.pom.TaskListPage.getNewCustOption(TaskListPage.java:33)
at com.actitime.pom.TaskListPage.getNewCustOption(TaskListPage.java:33)
at com.actitime.pom.TaskListPage.getNewCustOption(TaskListPage.java:33)
at com.actitime.pom.TaskListPage.getNewCustOption(TaskListPage.java:33)
at com.actitime.pom.TaskListPage.getNewCustOption(TaskListPage.java:33)
at com.actitime.pom.TaskListPage.getNewCustOption(TaskListPage.java:33)
]]>
    </failure>
  </testcase> <!-- testCreateCustomer -->
</testsuite> <!-- Default test -->
